
[12345678-1234-5678-90AB-CDDEEFAABBCC] : log at : 2020/4/24|10:10:30|GMT+0800



[12345678-1234-5678-90AB-CDDEEFAABBCC] : log at : 2020/4/24|10:23:30|GMT+0800



[12345678-1234-5678-90AB-CDDEEFAABBCC] : log at : 2020/4/24|12:20:43|GMT+0800



[12345678-1234-5678-90AB-CDDEEFAABBCC] : log at : 2020/4/24|15:06:22|GMT+0800



[12345678-1234-5678-90AB-CDDEEFAABBCC] : log at : 2020/4/24|15:07:11|GMT+0800
[Error] : Error: EEXIST: file already exists, mkdir 'c:\Users\Harry\Desktop\E1'
	at mkdirSync (fs.js:764:3)
	at fs.mkdirSync (electron/js2c/asar.js:687:16)
	at Object.fs.mkdirSync (electron/js2c/asar.js:687:16)
	at s.CreateDir (c:\Users\Harry\.vscode\extensions\cl.eide-1.11.0\dist\extension.js:1:2659)
	at m.build (c:\Users\Harry\.vscode\extensions\cl.eide-1.11.0\dist\extension.js:1:211929)
	at t.ProjectExplorer.BuildSolution (c:\Users\Harry\.vscode\extensions\cl.eide-1.11.0\dist\extension.js:1:173892)
	at c:\Users\Harry\.vscode\extensions\cl.eide-1.11.0\dist\extension.js:1:136548
	at e._executeContributedCommand (c:\Program Files\Microsoft VS Code\resources\app\out\vs\workbench\services\extensions\node\extensionHostProcess.js:592:220)
	at e.$executeContributedCommand (c:\Program Files\Microsoft VS Code\resources\app\out\vs\workbench\services\extensions\node\extensionHostProcess.js:592:595)
	at e._doInvokeHandler (c:\Program Files\Microsoft VS Code\resources\app\out\vs\workbench\services\extensions\node\extensionHostProcess.js:752:683)
	at e._invokeHandler (c:\Program Files\Microsoft VS Code\resources\app\out\vs\workbench\services\extensions\node\extensionHostProcess.js:752:375)
	at e._receiveRequest (c:\Program Files\Microsoft VS Code\resources\app\out\vs\workbench\services\extensions\node\extensionHostProcess.js:751:14)
	at e._receiveOneMessage (c:\Program Files\Microsoft VS Code\resources\app\out\vs\workbench\services\extensions\node\extensionHostProcess.js:750:6)
	at c:\Program Files\Microsoft VS Code\resources\app\out\vs\workbench\services\extensions\node\extensionHostProcess.js:748:34
	at e.fire (c:\Program Files\Microsoft VS Code\resources\app\out\vs\workbench\services\extensions\node\extensionHostProcess.js:48:497)
	at v.fire (c:\Program Files\Microsoft VS Code\resources\app\out\vs\workbench\services\extensions\node\extensionHostProcess.js:206:615)
	at c:\Program Files\Microsoft VS Code\resources\app\out\vs\workbench\services\extensions\node\extensionHostProcess.js:919:744
	at e.fire (c:\Program Files\Microsoft VS Code\resources\app\out\vs\workbench\services\extensions\node\extensionHostProcess.js:48:497)
	at v.fire (c:\Program Files\Microsoft VS Code\resources\app\out\vs\workbench\services\extensions\node\extensionHostProcess.js:206:615)
	at t.PersistentProtocol._receiveMessage (c:\Program Files\Microsoft VS Code\resources\app\out\vs\workbench\services\extensions\node\extensionHostProcess.js:211:17)
	at c:\Program Files\Microsoft VS Code\resources\app\out\vs\workbench\services\extensions\node\extensionHostProcess.js:208:155
	at e.fire (c:\Program Files\Microsoft VS Code\resources\app\out\vs\workbench\services\extensions\node\extensionHostProcess.js:48:497)
	at p.acceptChunk (c:\Program Files\Microsoft VS Code\resources\app\out\vs\workbench\services\extensions\node\extensionHostProcess.js:204:129)
	at c:\Program Files\Microsoft VS Code\resources\app\out\vs\workbench\services\extensions\node\extensionHostProcess.js:203:483
	at Socket.t (c:\Program Files\Microsoft VS Code\resources\app\out\vs\workbench\services\extensions\node\extensionHostProcess.js:212:565)
	at Socket.emit (events.js:203:13)
	at addChunk (_stream_readable.js:295:12)
	at readableAddChunk (_stream_readable.js:276:11)
	at Socket.Readable.push (_stream_readable.js:210:10)
	at Pipe.onStreamRead (internal/stream_base_commons.js:166:17)
[Error] : Error: EEXIST: file already exists, mkdir 'c:\Users\Harry\Desktop\E1'
	at mkdirSync (fs.js:764:3)
	at fs.mkdirSync (electron/js2c/asar.js:687:16)
	at Object.fs.mkdirSync (electron/js2c/asar.js:687:16)
	at s.CreateDir (c:\Users\Harry\.vscode\extensions\cl.eide-1.11.0\dist\extension.js:1:2659)
	at m.build (c:\Users\Harry\.vscode\extensions\cl.eide-1.11.0\dist\extension.js:1:211929)
	at t.ProjectExplorer.BuildSolution (c:\Users\Harry\.vscode\extensions\cl.eide-1.11.0\dist\extension.js:1:173892)
	at c:\Users\Harry\.vscode\extensions\cl.eide-1.11.0\dist\extension.js:1:136548
	at e._executeContributedCommand (c:\Program Files\Microsoft VS Code\resources\app\out\vs\workbench\services\extensions\node\extensionHostProcess.js:592:220)
	at e.$executeContributedCommand (c:\Program Files\Microsoft VS Code\resources\app\out\vs\workbench\services\extensions\node\extensionHostProcess.js:592:595)
	at e._doInvokeHandler (c:\Program Files\Microsoft VS Code\resources\app\out\vs\workbench\services\extensions\node\extensionHostProcess.js:752:683)
	at e._invokeHandler (c:\Program Files\Microsoft VS Code\resources\app\out\vs\workbench\services\extensions\node\extensionHostProcess.js:752:375)
	at e._receiveRequest (c:\Program Files\Microsoft VS Code\resources\app\out\vs\workbench\services\extensions\node\extensionHostProcess.js:751:14)
	at e._receiveOneMessage (c:\Program Files\Microsoft VS Code\resources\app\out\vs\workbench\services\extensions\node\extensionHostProcess.js:750:6)
	at c:\Program Files\Microsoft VS Code\resources\app\out\vs\workbench\services\extensions\node\extensionHostProcess.js:748:34
	at e.fire (c:\Program Files\Microsoft VS Code\resources\app\out\vs\workbench\services\extensions\node\extensionHostProcess.js:48:497)
	at v.fire (c:\Program Files\Microsoft VS Code\resources\app\out\vs\workbench\services\extensions\node\extensionHostProcess.js:206:615)
	at c:\Program Files\Microsoft VS Code\resources\app\out\vs\workbench\services\extensions\node\extensionHostProcess.js:919:744
	at e.fire (c:\Program Files\Microsoft VS Code\resources\app\out\vs\workbench\services\extensions\node\extensionHostProcess.js:48:497)
	at v.fire (c:\Program Files\Microsoft VS Code\resources\app\out\vs\workbench\services\extensions\node\extensionHostProcess.js:206:615)
	at t.PersistentProtocol._receiveMessage (c:\Program Files\Microsoft VS Code\resources\app\out\vs\workbench\services\extensions\node\extensionHostProcess.js:211:17)
	at c:\Program Files\Microsoft VS Code\resources\app\out\vs\workbench\services\extensions\node\extensionHostProcess.js:208:155
	at e.fire (c:\Program Files\Microsoft VS Code\resources\app\out\vs\workbench\services\extensions\node\extensionHostProcess.js:48:497)
	at p.acceptChunk (c:\Program Files\Microsoft VS Code\resources\app\out\vs\workbench\services\extensions\node\extensionHostProcess.js:204:129)
	at c:\Program Files\Microsoft VS Code\resources\app\out\vs\workbench\services\extensions\node\extensionHostProcess.js:203:483
	at Socket.t (c:\Program Files\Microsoft VS Code\resources\app\out\vs\workbench\services\extensions\node\extensionHostProcess.js:212:565)
	at Socket.emit (events.js:203:13)
	at addChunk (_stream_readable.js:295:12)
	at readableAddChunk (_stream_readable.js:276:11)
	at Socket.Readable.push (_stream_readable.js:210:10)
	at Pipe.onStreamRead (internal/stream_base_commons.js:166:17)
[Error] : Error: EEXIST: file already exists, mkdir 'c:\Users\Harry\Desktop\E1'
	at mkdirSync (fs.js:764:3)
	at fs.mkdirSync (electron/js2c/asar.js:687:16)
	at Object.fs.mkdirSync (electron/js2c/asar.js:687:16)
	at s.CreateDir (c:\Users\Harry\.vscode\extensions\cl.eide-1.11.0\dist\extension.js:1:2659)
	at m.build (c:\Users\Harry\.vscode\extensions\cl.eide-1.11.0\dist\extension.js:1:211929)
	at t.ProjectExplorer.BuildSolution (c:\Users\Harry\.vscode\extensions\cl.eide-1.11.0\dist\extension.js:1:173892)
	at c:\Users\Harry\.vscode\extensions\cl.eide-1.11.0\dist\extension.js:1:136548
	at e._executeContributedCommand (c:\Program Files\Microsoft VS Code\resources\app\out\vs\workbench\services\extensions\node\extensionHostProcess.js:592:220)
	at e.$executeContributedCommand (c:\Program Files\Microsoft VS Code\resources\app\out\vs\workbench\services\extensions\node\extensionHostProcess.js:592:595)
	at e._doInvokeHandler (c:\Program Files\Microsoft VS Code\resources\app\out\vs\workbench\services\extensions\node\extensionHostProcess.js:752:683)
	at e._invokeHandler (c:\Program Files\Microsoft VS Code\resources\app\out\vs\workbench\services\extensions\node\extensionHostProcess.js:752:375)
	at e._receiveRequest (c:\Program Files\Microsoft VS Code\resources\app\out\vs\workbench\services\extensions\node\extensionHostProcess.js:751:14)
	at e._receiveOneMessage (c:\Program Files\Microsoft VS Code\resources\app\out\vs\workbench\services\extensions\node\extensionHostProcess.js:750:6)
	at c:\Program Files\Microsoft VS Code\resources\app\out\vs\workbench\services\extensions\node\extensionHostProcess.js:748:34
	at e.fire (c:\Program Files\Microsoft VS Code\resources\app\out\vs\workbench\services\extensions\node\extensionHostProcess.js:48:497)
	at v.fire (c:\Program Files\Microsoft VS Code\resources\app\out\vs\workbench\services\extensions\node\extensionHostProcess.js:206:615)
	at c:\Program Files\Microsoft VS Code\resources\app\out\vs\workbench\services\extensions\node\extensionHostProcess.js:919:744
	at e.fire (c:\Program Files\Microsoft VS Code\resources\app\out\vs\workbench\services\extensions\node\extensionHostProcess.js:48:497)
	at v.fire (c:\Program Files\Microsoft VS Code\resources\app\out\vs\workbench\services\extensions\node\extensionHostProcess.js:206:615)
	at t.PersistentProtocol._receiveMessage (c:\Program Files\Microsoft VS Code\resources\app\out\vs\workbench\services\extensions\node\extensionHostProcess.js:211:17)
	at c:\Program Files\Microsoft VS Code\resources\app\out\vs\workbench\services\extensions\node\extensionHostProcess.js:208:155
	at e.fire (c:\Program Files\Microsoft VS Code\resources\app\out\vs\workbench\services\extensions\node\extensionHostProcess.js:48:497)
	at p.acceptChunk (c:\Program Files\Microsoft VS Code\resources\app\out\vs\workbench\services\extensions\node\extensionHostProcess.js:204:129)
	at c:\Program Files\Microsoft VS Code\resources\app\out\vs\workbench\services\extensions\node\extensionHostProcess.js:203:483
	at Socket.t (c:\Program Files\Microsoft VS Code\resources\app\out\vs\workbench\services\extensions\node\extensionHostProcess.js:212:565)
	at Socket.emit (events.js:203:13)
	at addChunk (_stream_readable.js:295:12)
	at readableAddChunk (_stream_readable.js:276:11)
	at Socket.Readable.push (_stream_readable.js:210:10)
	at Pipe.onStreamRead (internal/stream_base_commons.js:166:17)



[12345678-1234-5678-90AB-CDDEEFAABBCC] : log at : 2020/4/24|15:36:45|GMT+0800
[Error] : Error: EEXIST: file already exists, mkdir 'c:\Users\Harry\Desktop\E1'
	at mkdirSync (fs.js:764:3)
	at fs.mkdirSync (electron/js2c/asar.js:687:16)
	at Object.fs.mkdirSync (electron/js2c/asar.js:687:16)
	at s.CreateDir (c:\Users\Harry\.vscode\extensions\cl.eide-1.11.0\dist\extension.js:1:2659)
	at m.build (c:\Users\Harry\.vscode\extensions\cl.eide-1.11.0\dist\extension.js:1:211929)
	at t.ProjectExplorer.BuildSolution (c:\Users\Harry\.vscode\extensions\cl.eide-1.11.0\dist\extension.js:1:173892)
	at c:\Users\Harry\.vscode\extensions\cl.eide-1.11.0\dist\extension.js:1:136548
	at e._executeContributedCommand (c:\Program Files\Microsoft VS Code\resources\app\out\vs\workbench\services\extensions\node\extensionHostProcess.js:592:220)
	at e.$executeContributedCommand (c:\Program Files\Microsoft VS Code\resources\app\out\vs\workbench\services\extensions\node\extensionHostProcess.js:592:595)
	at e._doInvokeHandler (c:\Program Files\Microsoft VS Code\resources\app\out\vs\workbench\services\extensions\node\extensionHostProcess.js:752:683)
	at e._invokeHandler (c:\Program Files\Microsoft VS Code\resources\app\out\vs\workbench\services\extensions\node\extensionHostProcess.js:752:375)
	at e._receiveRequest (c:\Program Files\Microsoft VS Code\resources\app\out\vs\workbench\services\extensions\node\extensionHostProcess.js:751:14)
	at e._receiveOneMessage (c:\Program Files\Microsoft VS Code\resources\app\out\vs\workbench\services\extensions\node\extensionHostProcess.js:750:6)
	at c:\Program Files\Microsoft VS Code\resources\app\out\vs\workbench\services\extensions\node\extensionHostProcess.js:748:34
	at e.fire (c:\Program Files\Microsoft VS Code\resources\app\out\vs\workbench\services\extensions\node\extensionHostProcess.js:48:497)
	at v.fire (c:\Program Files\Microsoft VS Code\resources\app\out\vs\workbench\services\extensions\node\extensionHostProcess.js:206:615)
	at c:\Program Files\Microsoft VS Code\resources\app\out\vs\workbench\services\extensions\node\extensionHostProcess.js:919:744
	at e.fire (c:\Program Files\Microsoft VS Code\resources\app\out\vs\workbench\services\extensions\node\extensionHostProcess.js:48:497)
	at v.fire (c:\Program Files\Microsoft VS Code\resources\app\out\vs\workbench\services\extensions\node\extensionHostProcess.js:206:615)
	at t.PersistentProtocol._receiveMessage (c:\Program Files\Microsoft VS Code\resources\app\out\vs\workbench\services\extensions\node\extensionHostProcess.js:211:17)
	at c:\Program Files\Microsoft VS Code\resources\app\out\vs\workbench\services\extensions\node\extensionHostProcess.js:208:155
	at e.fire (c:\Program Files\Microsoft VS Code\resources\app\out\vs\workbench\services\extensions\node\extensionHostProcess.js:48:497)
	at p.acceptChunk (c:\Program Files\Microsoft VS Code\resources\app\out\vs\workbench\services\extensions\node\extensionHostProcess.js:204:129)
	at c:\Program Files\Microsoft VS Code\resources\app\out\vs\workbench\services\extensions\node\extensionHostProcess.js:203:483
	at Socket.t (c:\Program Files\Microsoft VS Code\resources\app\out\vs\workbench\services\extensions\node\extensionHostProcess.js:212:565)
	at Socket.emit (events.js:203:13)
	at addChunk (_stream_readable.js:295:12)
	at readableAddChunk (_stream_readable.js:276:11)
	at Socket.Readable.push (_stream_readable.js:210:10)
	at Pipe.onStreamRead (internal/stream_base_commons.js:166:17)



[12345678-1234-5678-90AB-CDDEEFAABBCC] : log at : 2020/4/24|15:43:40|GMT+0800



[12345678-1234-5678-90AB-CDDEEFAABBCC] : log at : 2020/4/24|15:45:41|GMT+0800



[12345678-1234-5678-90AB-CDDEEFAABBCC] : log at : 2020/4/24|16:03:40|GMT+0800



[12345678-1234-5678-90AB-CDDEEFAABBCC] : log at : 2020/4/24|16:05:43|GMT+0800



[12345678-1234-5678-90AB-CDDEEFAABBCC] : log at : 2020/4/24|16:10:02|GMT+0800



[12345678-1234-5678-90AB-CDDEEFAABBCC] : log at : 2020/4/30|16:37:33|GMT+0800



[12345678-1234-5678-90AB-CDDEEFAABBCC] : log at : 2020/4/30|16:41:21|GMT+0800



[12345678-1234-5678-90AB-CDDEEFAABBCC] : log at : 2020/5/6|21:09:57|GMT+0800
[Hidden] : Not found D:\ARM-GCC\8 2019-q3-update\bin\arm-none-eabi-gcc.exe !



[12345678-1234-5678-90AB-CDDEEFAABBCC] : log at : 2020/5/6|21:17:19|GMT+0800
[Hidden] : Not found D:\ARM-GCC\8 2019-q3-update\bin\arm-none-eabi-gcc.exe !



[12345678-1234-5678-90AB-CDDEEFAABBCC] : log at : 2020/5/6|21:18:35|GMT+0800
[Hidden] : Not found D:\ARM-GCC\8 2019-q3-update\bin\arm-none-eabi-gcc.exe !



[12345678-1234-5678-90AB-CDDEEFAABBCC] : log at : 2020/5/6|22:54:14|GMT+0800
[Hidden] : Not found D:\ARM-GCC\8 2019-q3-update\bin\arm-none-eabi-gcc.exe !



[12345678-1234-5678-90AB-CDDEEFAABBCC] : log at : 2020/5/7|22:27:09|GMT+0800
[Hidden] : Not found D:\ARM-GCC\8 2019-q3-update\bin\arm-none-eabi-gcc.exe !



[12345678-1234-5678-90AB-CDDEEFAABBCC] : log at : 2020/5/8|10:44:08|GMT+0800
[Hidden] : Not found D:\ARM-GCC\8 2019-q3-update\bin\arm-none-eabi-gcc.exe !



[12345678-1234-5678-90AB-CDDEEFAABBCC] : log at : 2020/5/8|11:02:30|GMT+0800
[Hidden] : Not found D:\ARM-GCC\8 2019-q3-update\bin\arm-none-eabi-gcc.exe !



[12345678-1234-5678-90AB-CDDEEFAABBCC] : log at : 2020/5/8|11:50:44|GMT+0800
[Hidden] : Not found D:\ARM-GCC\8 2019-q3-update\bin\arm-none-eabi-gcc.exe !


[Error] : Error: write EPIPE
	at afterWriteDispatched (internal/stream_base_commons.js:146:25)
	at writeGeneric (internal/stream_base_commons.js:137:3)
	at Socket._writeGeneric (net.js:698:11)
	at Socket._write (net.js:710:8)
	at doWrite (_stream_writable.js:418:12)
	at writeOrBuffer (_stream_writable.js:402:5)
	at Socket.Writable.write (_stream_writable.js:302:11)
	at d.write (c:\Program Files\Microsoft VS Code\resources\app\out\vs\workbench\services\extensions\node\extensionHostProcess.js:212:867)
	at f._writeNow (c:\Program Files\Microsoft VS Code\resources\app\out\vs\workbench\services\extensions\node\extensionHostProcess.js:205:110)
	at Immediate.<anonymous> (c:\Program Files\Microsoft VS Code\resources\app\out\vs\workbench\services\extensions\node\extensionHostProcess.js:205:48)
	at processImmediate (internal/timers.js:439:21)

[12345678-1234-5678-90AB-CDDEEFAABBCC] : log at : 2020/5/8|15:07:44|GMT+0800
[Hidden] : Not found D:\ARM-GCC\8 2019-q3-update\bin\arm-none-eabi-gcc.exe !


[Error] : Error: write EPIPE
	at afterWriteDispatched (internal/stream_base_commons.js:146:25)
	at writeGeneric (internal/stream_base_commons.js:137:3)
	at Socket._writeGeneric (net.js:698:11)
	at Socket._write (net.js:710:8)
	at doWrite (_stream_writable.js:418:12)
	at clearBuffer (_stream_writable.js:544:7)
	at onwrite (_stream_writable.js:469:7)
	at WriteWrap.onWriteComplete [as oncomplete] (internal/stream_base_commons.js:92:10)

[12345678-1234-5678-90AB-CDDEEFAABBCC] : log at : 2020/5/10|13:31:35|GMT+0800
[Hidden] : Not found D:\ARM-GCC\8 2019-q3-update\bin\arm-none-eabi-gcc.exe !


