C51 COMPILER V9.52.0.0   8155                                                              05/08/2020 11:50:02 PAGE 1   


C51 COMPILER V9.52.0.0, COMPILATION OF MODULE 8155
OBJECT MODULE PLACED IN c:\Users\Harry\Documents\OneDrive - ODMAIL\ังฯฐืสมฯ\ด๓ถฯยังฦฺ\ฮขป๚ิญภํ\สตั้\ฟฮณฬสตั้\04\Part01\out\Keil_C51\8155.o
COMPILER INVOKED BY: C:\Program Files\Keil\C51\BIN\C51.exe c:\Users\Harry\Documents\OneDrive - ODMAIL\ังฯฐืสมฯ\ด๓ถฯยังฦ
                    -ฺ\ฮขป๚ิญภํ\สตั้\ฟฮณฬสตั้\04\Part01\src\8155.c PRINT(c:\Users\Harry\Documents\OneDrive - ODMAIL\ังฯฐืสมฯ\ด๓ถฯยังฦฺ\ฮขป๚ิ
                    -ญภํ\สตั้\ฟฮณฬสตั้\04\Part01\out\Keil_C51\8155.lst) OMF2 TABS(2) OPTIMIZE(8,SPEED) LARGE ROM(LARGE) INCDIR(c:\Users\Harry
                    -\Documents\OneDrive - ODMAIL\ังฯฐืสมฯ\ด๓ถฯยังฦฺ\ฮขป๚ิญภํ\สตั้\ฟฮณฬสตั้\04\Part01\dependence;c:\Users\Harry\Documents\On
                    -eDrive - ODMAIL\ังฯฐืสมฯ\ด๓ถฯยังฦฺ\ฮขป๚ิญภํ\สตั้\ฟฮณฬสตั้\04\Part01\src;c:\Users\Harry\Documents\OneDrive - ODMAIL\ังฯฐ
                    -ืสมฯ\ด๓ถฯยังฦฺ\ฮขป๚ิญภํ\สตั้\ฟฮณฬสตั้\04\Part01\dependence\build-in\toolchain) DEFINE(__UVISION_VERSION) OBJECT(c:\User
                    -s\Harry\Documents\OneDrive - ODMAIL\ังฯฐืสมฯ\ด๓ถฯยังฦฺ\ฮขป๚ิญภํ\สตั้\ฟฮณฬสตั้\04\Part01\out\Keil_C51\8155.o)

line level    source

   1          #include "8155.H"
   2          
   3          /**
   4           * @brief  ษ่ึร8155ตฤนคื๗ืดฬฌ
   5           * @note   
   6           * @param  command_2_8155: ษ่ึร8155นคื๗ืดฬฌตฤฒฮส
   7           * @retval None
   8           */
   9          void C8155_init(uchar command_2_8155)
  10          {
  11   1          C8155_CMD = command_2_8155;
  12   1      }
  13          
  14          
  15          


MODULE INFORMATION:   STATIC OVERLAYABLE
   CODE SIZE        =      6    ----
   CONSTANT SIZE    =   ----    ----
   XDATA SIZE       =   ----    ----
   PDATA SIZE       =   ----    ----
   DATA SIZE        =   ----    ----
   IDATA SIZE       =   ----    ----
   BIT SIZE         =   ----    ----
   EDATA SIZE       =   ----    ----
   HDATA SIZE       =   ----    ----
   XDATA CONST SIZE =   ----    ----
   FAR CONST SIZE   =   ----    ----
END OF MODULE INFORMATION.


C51 COMPILATION COMPLETE.  0 WARNING(S),  0 ERROR(S)
