C51 COMPILER V9.52.0.0   MAIN                                                              05/08/2020 11:33:22 PAGE 1   


C51 COMPILER V9.52.0.0, COMPILATION OF MODULE MAIN
OBJECT MODULE PLACED IN c:\Users\Harry\Documents\OneDrive - ODMAIL\ังฯฐืสมฯ\ด๓ถฯยังฦฺ\ฮขป๚ิญภํ\สตั้\ฟฮณฬสตั้\03\code\out\Keil_C51\main.o
COMPILER INVOKED BY: C:\Program Files\Keil\C51\BIN\C51.exe c:\Users\Harry\Documents\OneDrive - ODMAIL\ังฯฐืสมฯ\ด๓ถฯยังฦ
                    -ฺ\ฮขป๚ิญภํ\สตั้\ฟฮณฬสตั้\03\code\src\main.c PRINT(c:\Users\Harry\Documents\OneDrive - ODMAIL\ังฯฐืสมฯ\ด๓ถฯยังฦฺ\ฮขป๚ิญภ
                    -ํ\สตั้\ฟฮณฬสตั้\03\code\out\Keil_C51\main.lst) OMF2 TABS(2) OPTIMIZE(8,SPEED) SMALL ROM(SMALL) INCDIR(c:\Users\Harry\Doc
                    -uments\OneDrive - ODMAIL\ังฯฐืสมฯ\ด๓ถฯยังฦฺ\ฮขป๚ิญภํ\สตั้\ฟฮณฬสตั้\03\code\dependence;c:\Users\Harry\Documents\OneDrive
                    - - ODMAIL\ังฯฐืสมฯ\ด๓ถฯยังฦฺ\ฮขป๚ิญภํ\สตั้\ฟฮณฬสตั้\03\code\src;c:\Users\Harry\Documents\OneDrive - ODMAIL\ังฯฐืสมฯ\ด๓ถ
                    -ฯยังฦฺ\ฮขป๚ิญภํ\สตั้\ฟฮณฬสตั้\03\code\dependence\build-in\toolchain) DEFINE(__UVISION_VERSION) OBJECT(c:\Users\Harry\Do
                    -cuments\OneDrive - ODMAIL\ังฯฐืสมฯ\ด๓ถฯยังฦฺ\ฮขป๚ิญภํ\สตั้\ฟฮณฬสตั้\03\code\out\Keil_C51\main.o)

line level    source

   1          #include "REG51.H"
   2          #include "interrupt_func.h"
   3          
   4          void init()     // ณ๕สผปฏถจสฑฦ๗บอผฦสฦ๗
   5          {
   6   1          TIM_0_init();
   7   1          TIM_1_init();
   8   1      }
   9          
  10          
  11          void main()
  12          {
  13   1          init();
  14   1          P1 = 0xFF;  // ษฯต็LEDศซฒฟฯจร๐
  15   1          while(1);
  16   1      }
  17          


MODULE INFORMATION:   STATIC OVERLAYABLE
   CODE SIZE        =     11    ----
   CONSTANT SIZE    =   ----    ----
   XDATA SIZE       =   ----    ----
   PDATA SIZE       =   ----    ----
   DATA SIZE        =   ----    ----
   IDATA SIZE       =   ----    ----
   BIT SIZE         =   ----    ----
   EDATA SIZE       =   ----    ----
   HDATA SIZE       =   ----    ----
   XDATA CONST SIZE =   ----    ----
   FAR CONST SIZE   =   ----    ----
END OF MODULE INFORMATION.


C51 COMPILATION COMPLETE.  0 WARNING(S),  0 ERROR(S)
