C51 COMPILER V9.52.0.0   18221197                                                          05/08/2020 11:51:01 PAGE 1   


C51 COMPILER V9.52.0.0, COMPILATION OF MODULE 18221197
OBJECT MODULE PLACED IN c:\Users\Harry\Documents\OneDrive - ODMAIL\ังฯฐืสมฯ\ด๓ถฯยังฦฺ\ฮขป๚ิญภํ\สตั้\ฟฮณฬสตั้\01\code\out\Keil_C51\18221197.o
COMPILER INVOKED BY: C:\Program Files\Keil\C51\BIN\C51.exe c:\Users\Harry\Documents\OneDrive - ODMAIL\ังฯฐืสมฯ\ด๓ถฯยังฦ
                    -ฺ\ฮขป๚ิญภํ\สตั้\ฟฮณฬสตั้\01\code\src\18221197.c PRINT(c:\Users\Harry\Documents\OneDrive - ODMAIL\ังฯฐืสมฯ\ด๓ถฯยังฦฺ\ฮขป
                    -๚ิญภํ\สตั้\ฟฮณฬสตั้\01\code\out\Keil_C51\18221197.lst) OMF2 TABS(2) OPTIMIZE(8,SPEED) SMALL ROM(LARGE) INCDIR(c:\Users\H
                    -arry\Documents\OneDrive - ODMAIL\ังฯฐืสมฯ\ด๓ถฯยังฦฺ\ฮขป๚ิญภํ\สตั้\ฟฮณฬสตั้\01\code\dependence;c:\Users\Harry\Documents\
                    -OneDrive - ODMAIL\ังฯฐืสมฯ\ด๓ถฯยังฦฺ\ฮขป๚ิญภํ\สตั้\ฟฮณฬสตั้\01\code\src;c:\Users\Harry\Documents\OneDrive - ODMAIL\ังฯฐ
                    -ืสมฯ\ด๓ถฯยังฦฺ\ฮขป๚ิญภํ\สตั้\ฟฮณฬสตั้\01\code\dependence\build-in\toolchain) DEFINE(__UVISION_VERSION) OBJECT(c:\Users\
                    -Harry\Documents\OneDrive - ODMAIL\ังฯฐืสมฯ\ด๓ถฯยังฦฺ\ฮขป๚ิญภํ\สตั้\ฟฮณฬสตั้\01\code\out\Keil_C51\18221197.o)

line level    source

   1          // ิคดฆภํึธม๎ฃฌอจน DEBUG บ๊ฟุึฦ gdb ต๗สิป๒ keil ฑเา๋
   2          #define DEBUG 1
   3          #if DEBUG
   4              #include "stdio.h"
   5              #define uchar int
   6          #else
                  #include "reg51.h"
                  #define uchar unsigned char
              #endif
  10          
  11          uchar s[10]={0x10,0x35,0xa3,0xf7,0x2d,0x9d,0xe8,0x04,0x87,0xd0};    // 10ธ๖ฮท๛บลส
  12          uchar MAX = 0, MIN = 0, SUM = 0, BCDH = 0, BCDL = 0, AVG = 0;       // ดๆดขฝแน๛
  13          
  14          void maxx(void)     // ีาตฝื๎ด๓ึตฃฌkeil ตฑึะฒปิสะํบฏสบอฑไมฟอฌร๛ฃจบ๖ยิด๓ะกะดฃฉ
  15          {
  16   1          uchar i = 0;
  17   1          MAX = s[0];
  18   1          for(i=1;i<10;i++)
  19   1          {
  20   2              if(s[i]>MAX)
  21   2                  MAX = s[i];
  22   2          }
  23   1      }
  24          
  25          void minn(void)     // ีาตฝื๎ะกึต
  26          {
  27   1          uchar i = 0;
  28   1          MIN = s[0];
  29   1          for(i=1;i<10;i++)
  30   1          {
  31   2              if(s[i]<MIN)
  32   2                  MIN = s[i];
  33   2          }
  34   1      }
  35          
  36          void mean(void)
  37          {
  38   1          uchar i = 0;
  39   1          int sum = 0;
  40   1          for(i=0;i<10;i++)
  41   1              sum += s[i];
  42   1          AVG = (sum-MAX-MIN)/8;
  43   1      }
  44          
  45          void DEC_2_BCD(void)
  46          {
  47   1          uchar tmp = 0;
  48   1          if (SUM>100)
  49   1              BCDH = SUM / 100;           // ฐูฮปหอศ๋ BCDH
C51 COMPILER V9.52.0.0   18221197                                                          05/08/2020 11:51:01 PAGE 2   

  50   1          BCDL = SUM % 10;                // ธ๖ฮปหอศ๋ BCDL ตฤตอ4ฮป 
  51   1          tmp = ((SUM -BCDL)/10) % 10;
  52   1          tmp = tmp<<4;
  53   1          BCDL += tmp;                    // สฎฮปหอศ๋ BCDL ตฤธ฿4ฮป 
  54   1          
  55   1      }
  56          
  57          void main()
  58          {
  59   1          maxx();
  60   1          minn();
  61   1          SUM = MAX + MIN;
  62   1          mean();
  63   1          DEC_2_BCD();
  64   1      }
  65          
  66          


MODULE INFORMATION:   STATIC OVERLAYABLE
   CODE SIZE        =    284    ----
   CONSTANT SIZE    =   ----    ----
   XDATA SIZE       =   ----    ----
   PDATA SIZE       =   ----    ----
   DATA SIZE        =     32    ----
   IDATA SIZE       =   ----    ----
   BIT SIZE         =   ----    ----
   EDATA SIZE       =   ----    ----
   HDATA SIZE       =   ----    ----
   XDATA CONST SIZE =   ----    ----
   FAR CONST SIZE   =   ----    ----
END OF MODULE INFORMATION.


C51 COMPILATION COMPLETE.  0 WARNING(S),  0 ERROR(S)
