
[12345678-1234-5678-90AB-CDDEEFAABBCC] : log at : 2020/4/24|22:24:59|GMT+0800
[Error] : Error: ENOENT: no such file or directory, lstat 'c:\Users\Harry\Documents\OneDrive - ODMAIL\学习资料\大二下学期\微机原理\实验\仿真实验\课程实验\实验四(8155&LED)\CODE\dependence\8155.H'
	at lstatSync (fs.js:847:3)
	at fs.lstatSync (electron/js2c/asar.js:235:27)
	at Object.fs.lstatSync (electron/js2c/asar.js:235:27)
	at s.IsDir (c:\Users\Harry\.vscode\extensions\cl.eide-1.11.0\dist\extension.js:1:3690)
	at c:\Users\Harry\.vscode\extensions\cl.eide-1.11.0\dist\extension.js:1:2871
	at Array.forEach (<anonymous>)
	at s.GetList (c:\Users\Harry\.vscode\extensions\cl.eide-1.11.0\dist\extension.js:1:2799)
	at M.EnumIncDir (c:\Users\Harry\.vscode\extensions\cl.eide-1.11.0\dist\extension.js:1:71526)
	at M.UpdateFileGroup (c:\Users\Harry\.vscode\extensions\cl.eide-1.11.0\dist\extension.js:1:70992)
	at M.onSourceDirChanged (c:\Users\Harry\.vscode\extensions\cl.eide-1.11.0\dist\extension.js:1:74659)
	at EventEmitter.<anonymous> (c:\Users\Harry\.vscode\extensions\cl.eide-1.11.0\dist\extension.js:1:71769)
	at EventEmitter.emit (events.js:203:13)
	at M.emit (c:\Users\Harry\.vscode\extensions\cl.eide-1.11.0\dist\extension.js:1:64246)
	at t.FileWatcher.e.OnRename (c:\Users\Harry\.vscode\extensions\cl.eide-1.11.0\dist\extension.js:1:70139)
	at FSWatcher.<anonymous> (c:\Users\Harry\.vscode\extensions\cl.eide-1.11.0\dist\extension.js:1:81772)
	at FSWatcher.emit (events.js:203:13)
	at FSEvent.FSWatcher._handle.onchange (internal/fs/watchers.js:131:12)
[Error] : Error: ENOENT: no such file or directory, lstat 'c:\Users\Harry\Documents\OneDrive - ODMAIL\学习资料\大二下学期\微机原理\实验\仿真实验\课程实验\实验四(8155&LED)\CODE\src\main.c'
	at lstatSync (fs.js:847:3)
	at fs.lstatSync (electron/js2c/asar.js:235:27)
	at Object.fs.lstatSync (electron/js2c/asar.js:235:27)
	at s.IsDir (c:\Users\Harry\.vscode\extensions\cl.eide-1.11.0\dist\extension.js:1:3690)
	at c:\Users\Harry\.vscode\extensions\cl.eide-1.11.0\dist\extension.js:1:2871
	at Array.forEach (<anonymous>)
	at s.GetList (c:\Users\Harry\.vscode\extensions\cl.eide-1.11.0\dist\extension.js:1:2799)
	at M.UpdateFileGroup (c:\Users\Harry\.vscode\extensions\cl.eide-1.11.0\dist\extension.js:1:71056)
	at M.onSourceDirChanged (c:\Users\Harry\.vscode\extensions\cl.eide-1.11.0\dist\extension.js:1:74659)
	at EventEmitter.<anonymous> (c:\Users\Harry\.vscode\extensions\cl.eide-1.11.0\dist\extension.js:1:71769)
	at EventEmitter.emit (events.js:203:13)
	at M.emit (c:\Users\Harry\.vscode\extensions\cl.eide-1.11.0\dist\extension.js:1:64246)
	at t.FileWatcher.e.OnRename (c:\Users\Harry\.vscode\extensions\cl.eide-1.11.0\dist\extension.js:1:70139)
	at FSWatcher.<anonymous> (c:\Users\Harry\.vscode\extensions\cl.eide-1.11.0\dist\extension.js:1:81772)
	at FSWatcher.emit (events.js:203:13)
	at FSEvent.FSWatcher._handle.onchange (internal/fs/watchers.js:131:12)



[12345678-1234-5678-90AB-CDDEEFAABBCC] : log at : 2020/4/25|08:36:35|GMT+0800
[Error] : Error: ENOENT: no such file or directory, lstat 'c:\Users\Harry\Documents\OneDrive - ODMAIL\学习资料\大二下学期\微机原理\实验\仿真实验\课程实验\实验四(8155&LED)\Part01\src\main.c~RF18d193.TMP'
	at lstatSync (fs.js:847:3)
	at fs.lstatSync (electron/js2c/asar.js:235:27)
	at Object.fs.lstatSync (electron/js2c/asar.js:235:27)
	at s.IsDir (c:\Users\Harry\.vscode\extensions\cl.eide-1.11.0\dist\extension.js:1:3690)
	at c:\Users\Harry\.vscode\extensions\cl.eide-1.11.0\dist\extension.js:1:2871
	at Array.forEach (<anonymous>)
	at s.GetList (c:\Users\Harry\.vscode\extensions\cl.eide-1.11.0\dist\extension.js:1:2799)
	at M.UpdateFileGroup (c:\Users\Harry\.vscode\extensions\cl.eide-1.11.0\dist\extension.js:1:71056)
	at M.onSourceDirChanged (c:\Users\Harry\.vscode\extensions\cl.eide-1.11.0\dist\extension.js:1:74659)
	at EventEmitter.<anonymous> (c:\Users\Harry\.vscode\extensions\cl.eide-1.11.0\dist\extension.js:1:71769)
	at EventEmitter.emit (events.js:203:13)
	at M.emit (c:\Users\Harry\.vscode\extensions\cl.eide-1.11.0\dist\extension.js:1:64246)
	at t.FileWatcher.e.OnRename (c:\Users\Harry\.vscode\extensions\cl.eide-1.11.0\dist\extension.js:1:70139)
	at FSWatcher.<anonymous> (c:\Users\Harry\.vscode\extensions\cl.eide-1.11.0\dist\extension.js:1:81772)
	at FSWatcher.emit (events.js:203:13)
	at FSEvent.FSWatcher._handle.onchange (internal/fs/watchers.js:131:12)
[Error] : Error: ENOENT: no such file or directory, lstat 'c:\Users\Harry\Documents\OneDrive - ODMAIL\学习资料\大二下学期\微机原理\实验\仿真实验\课程实验\实验四(8155&LED)\Part01\src\main.c'
	at lstatSync (fs.js:847:3)
	at fs.lstatSync (electron/js2c/asar.js:235:27)
	at Object.fs.lstatSync (electron/js2c/asar.js:235:27)
	at s.IsDir (c:\Users\Harry\.vscode\extensions\cl.eide-1.11.0\dist\extension.js:1:3690)
	at c:\Users\Harry\.vscode\extensions\cl.eide-1.11.0\dist\extension.js:1:2871
	at Array.forEach (<anonymous>)
	at s.GetList (c:\Users\Harry\.vscode\extensions\cl.eide-1.11.0\dist\extension.js:1:2799)
	at M.EnumIncDir (c:\Users\Harry\.vscode\extensions\cl.eide-1.11.0\dist\extension.js:1:71526)
	at M.UpdateFileGroup (c:\Users\Harry\.vscode\extensions\cl.eide-1.11.0\dist\extension.js:1:70992)
	at M.onSourceDirChanged (c:\Users\Harry\.vscode\extensions\cl.eide-1.11.0\dist\extension.js:1:74659)
	at EventEmitter.<anonymous> (c:\Users\Harry\.vscode\extensions\cl.eide-1.11.0\dist\extension.js:1:71769)
	at EventEmitter.emit (events.js:203:13)
	at M.emit (c:\Users\Harry\.vscode\extensions\cl.eide-1.11.0\dist\extension.js:1:64246)
	at t.FileWatcher.e.OnRename (c:\Users\Harry\.vscode\extensions\cl.eide-1.11.0\dist\extension.js:1:70139)
	at FSWatcher.<anonymous> (c:\Users\Harry\.vscode\extensions\cl.eide-1.11.0\dist\extension.js:1:81772)
	at FSWatcher.emit (events.js:203:13)
	at FSEvent.FSWatcher._handle.onchange (internal/fs/watchers.js:131:12)
[Error] : Error: ENOENT: no such file or directory, lstat 'c:\Users\Harry\Documents\OneDrive - ODMAIL\学习资料\大二下学期\微机原理\实验\仿真实验\课程实验\实验四(8155&LED)\Part01\src\MFCA73C.tmp'
	at lstatSync (fs.js:847:3)
	at fs.lstatSync (electron/js2c/asar.js:235:27)
	at Object.fs.lstatSync (electron/js2c/asar.js:235:27)
	at s.IsDir (c:\Users\Harry\.vscode\extensions\cl.eide-1.11.0\dist\extension.js:1:3690)
	at c:\Users\Harry\.vscode\extensions\cl.eide-1.11.0\dist\extension.js:1:2871
	at Array.forEach (<anonymous>)
	at s.GetList (c:\Users\Harry\.vscode\extensions\cl.eide-1.11.0\dist\extension.js:1:2799)
	at M.EnumIncDir (c:\Users\Harry\.vscode\extensions\cl.eide-1.11.0\dist\extension.js:1:71526)
	at M.UpdateFileGroup (c:\Users\Harry\.vscode\extensions\cl.eide-1.11.0\dist\extension.js:1:70992)
	at M.onSourceDirChanged (c:\Users\Harry\.vscode\extensions\cl.eide-1.11.0\dist\extension.js:1:74659)
	at EventEmitter.<anonymous> (c:\Users\Harry\.vscode\extensions\cl.eide-1.11.0\dist\extension.js:1:71769)
	at EventEmitter.emit (events.js:203:13)
	at M.emit (c:\Users\Harry\.vscode\extensions\cl.eide-1.11.0\dist\extension.js:1:64246)
	at t.FileWatcher.e.OnRename (c:\Users\Harry\.vscode\extensions\cl.eide-1.11.0\dist\extension.js:1:70139)
	at FSWatcher.<anonymous> (c:\Users\Harry\.vscode\extensions\cl.eide-1.11.0\dist\extension.js:1:81772)
	at FSWatcher.emit (events.js:203:13)
	at FSEvent.FSWatcher._handle.onchange (internal/fs/watchers.js:131:12)



[12345678-1234-5678-90AB-CDDEEFAABBCC] : log at : 2020/4/25|09:49:53|GMT+0800



[12345678-1234-5678-90AB-CDDEEFAABBCC] : log at : 2020/5/8|11:47:02|GMT+0800
[Hidden] : Not found D:\ARM-GCC\8 2019-q3-update\bin\arm-none-eabi-gcc.exe !
[Error] : Error: EEXIST: file already exists, mkdir 'c:\Users\Harry\Desktop\shiyan'
	at mkdirSync (fs.js:764:3)
	at fs.mkdirSync (electron/js2c/asar.js:687:16)
	at Object.fs.mkdirSync (electron/js2c/asar.js:687:16)
	at s.CreateDir (c:\Users\Harry\.vscode\extensions\cl.eide-1.12.2\dist\extension.js:1:2758)
	at g.build (c:\Users\Harry\.vscode\extensions\cl.eide-1.12.2\dist\extension.js:1:218031)
	at t.ProjectExplorer.BuildSolution (c:\Users\Harry\.vscode\extensions\cl.eide-1.12.2\dist\extension.js:1:153761)
	at c:\Users\Harry\.vscode\extensions\cl.eide-1.12.2\dist\extension.js:1:114732
	at e._executeContributedCommand (c:\Program Files\Microsoft VS Code\resources\app\out\vs\workbench\services\extensions\node\extensionHostProcess.js:592:220)
	at e.$executeContributedCommand (c:\Program Files\Microsoft VS Code\resources\app\out\vs\workbench\services\extensions\node\extensionHostProcess.js:592:595)
	at e._doInvokeHandler (c:\Program Files\Microsoft VS Code\resources\app\out\vs\workbench\services\extensions\node\extensionHostProcess.js:752:683)
	at e._invokeHandler (c:\Program Files\Microsoft VS Code\resources\app\out\vs\workbench\services\extensions\node\extensionHostProcess.js:752:375)
	at e._receiveRequest (c:\Program Files\Microsoft VS Code\resources\app\out\vs\workbench\services\extensions\node\extensionHostProcess.js:751:14)
	at e._receiveOneMessage (c:\Program Files\Microsoft VS Code\resources\app\out\vs\workbench\services\extensions\node\extensionHostProcess.js:750:6)
	at c:\Program Files\Microsoft VS Code\resources\app\out\vs\workbench\services\extensions\node\extensionHostProcess.js:748:34
	at e.fire (c:\Program Files\Microsoft VS Code\resources\app\out\vs\workbench\services\extensions\node\extensionHostProcess.js:48:497)
	at v.fire (c:\Program Files\Microsoft VS Code\resources\app\out\vs\workbench\services\extensions\node\extensionHostProcess.js:206:615)
	at c:\Program Files\Microsoft VS Code\resources\app\out\vs\workbench\services\extensions\node\extensionHostProcess.js:919:744
	at e.fire (c:\Program Files\Microsoft VS Code\resources\app\out\vs\workbench\services\extensions\node\extensionHostProcess.js:48:497)
	at v.fire (c:\Program Files\Microsoft VS Code\resources\app\out\vs\workbench\services\extensions\node\extensionHostProcess.js:206:615)
	at t.PersistentProtocol._receiveMessage (c:\Program Files\Microsoft VS Code\resources\app\out\vs\workbench\services\extensions\node\extensionHostProcess.js:211:17)
	at c:\Program Files\Microsoft VS Code\resources\app\out\vs\workbench\services\extensions\node\extensionHostProcess.js:208:155
	at e.fire (c:\Program Files\Microsoft VS Code\resources\app\out\vs\workbench\services\extensions\node\extensionHostProcess.js:48:497)
	at p.acceptChunk (c:\Program Files\Microsoft VS Code\resources\app\out\vs\workbench\services\extensions\node\extensionHostProcess.js:204:129)
	at c:\Program Files\Microsoft VS Code\resources\app\out\vs\workbench\services\extensions\node\extensionHostProcess.js:203:483
	at Socket.t (c:\Program Files\Microsoft VS Code\resources\app\out\vs\workbench\services\extensions\node\extensionHostProcess.js:212:565)
	at Socket.emit (events.js:203:13)
	at addChunk (_stream_readable.js:295:12)
	at readableAddChunk (_stream_readable.js:276:11)
	at Socket.Readable.push (_stream_readable.js:210:10)
	at Pipe.onStreamRead (internal/stream_base_commons.js:166:17)



[12345678-1234-5678-90AB-CDDEEFAABBCC] : log at : 2020/5/10|13:12:51|GMT+0800
[Hidden] : Not found D:\ARM-GCC\8 2019-q3-update\bin\arm-none-eabi-gcc.exe !



[12345678-1234-5678-90AB-CDDEEFAABBCC] : log at : 2020/5/10|13:15:33|GMT+0800
[Hidden] : Not found D:\ARM-GCC\8 2019-q3-update\bin\arm-none-eabi-gcc.exe !


