C51 COMPILER V9.52.0.0   ADC                                                               05/08/2020 20:47:29 PAGE 1   


C51 COMPILER V9.52.0.0, COMPILATION OF MODULE ADC
OBJECT MODULE PLACED IN c:\Users\Harry\Desktop\shiyan\testADC\code_2\out\Keil_C51\ADC.o
COMPILER INVOKED BY: C:\Program Files\Keil\C51\BIN\C51.exe C:\USERS\HARRY\DESKTOP\SHIYAN\TESTADC\CODE_2\SRC\ADC.C PRINT(
                    -c:\Users\Harry\Desktop\shiyan\testADC\code_2\out\Keil_C51\ADC.lst) OMF2 TABS(2) OPTIMIZE(8,SPEED) SMALL ROM(SMALL) INCDI
                    -R(c:\Users\Harry\Desktop\shiyan\testADC\code_2\dependence;c:\Users\Harry\Desktop\shiyan\testADC\code_2\src;c:\Users\Harr
                    -y\Desktop\shiyan\testADC\code_2\dependence\build-in\toolchain) DEFINE(__UVISION_VERSION) OBJECT(c:\Users\Harry\Desktop\s
                    -hiyan\testADC\code_2\out\Keil_C51\ADC.o)

line level    source

   1          #include "ADC.h"
   2          
   3          void ADC_choose_INO()
   4          {
   5   1          INO_ADDR = 0x00;
   6   1      }


MODULE INFORMATION:   STATIC OVERLAYABLE
   CODE SIZE        =      6    ----
   CONSTANT SIZE    =   ----    ----
   XDATA SIZE       =   ----    ----
   PDATA SIZE       =   ----    ----
   DATA SIZE        =   ----    ----
   IDATA SIZE       =   ----    ----
   BIT SIZE         =   ----    ----
   EDATA SIZE       =   ----    ----
   HDATA SIZE       =   ----    ----
   XDATA CONST SIZE =   ----    ----
   FAR CONST SIZE   =   ----    ----
END OF MODULE INFORMATION.


C51 COMPILATION COMPLETE.  0 WARNING(S),  0 ERROR(S)
