C51 COMPILER V9.52.0.0   INTERRUPT                                                         05/08/2020 20:47:29 PAGE 1   


C51 COMPILER V9.52.0.0, COMPILATION OF MODULE INTERRUPT
OBJECT MODULE PLACED IN c:\Users\Harry\Desktop\shiyan\testADC\code_2\out\Keil_C51\interrupt.o
COMPILER INVOKED BY: C:\Program Files\Keil\C51\BIN\C51.exe C:\USERS\HARRY\DESKTOP\SHIYAN\TESTADC\CODE_2\SRC\INTERRUPT.C 
                    -PRINT(c:\Users\Harry\Desktop\shiyan\testADC\code_2\out\Keil_C51\interrupt.lst) OMF2 TABS(2) OPTIMIZE(8,SPEED) SMALL ROM(
                    -SMALL) INCDIR(c:\Users\Harry\Desktop\shiyan\testADC\code_2\dependence;c:\Users\Harry\Desktop\shiyan\testADC\code_2\src;c
                    -:\Users\Harry\Desktop\shiyan\testADC\code_2\dependence\build-in\toolchain) DEFINE(__UVISION_VERSION) OBJECT(c:\Users\Har
                    -ry\Desktop\shiyan\testADC\code_2\out\Keil_C51\interrupt.o)

line level    source

   1          #include "8051.H"
   2          
   3          // 外中断初始化函数
   4          void EX1_init()
   5          {
   6   1          IT1 = 1;    // 下降沿触发
   7   1          PX1 = 1;    // 高优先级
   8   1          EX1 = 1;    // 单个中断允许
   9   1          EA = 1;     // 总中断运行
  10   1      }


MODULE INFORMATION:   STATIC OVERLAYABLE
   CODE SIZE        =      9    ----
   CONSTANT SIZE    =   ----    ----
   XDATA SIZE       =   ----    ----
   PDATA SIZE       =   ----    ----
   DATA SIZE        =   ----    ----
   IDATA SIZE       =   ----    ----
   BIT SIZE         =   ----    ----
   EDATA SIZE       =   ----    ----
   HDATA SIZE       =   ----    ----
   XDATA CONST SIZE =   ----    ----
   FAR CONST SIZE   =   ----    ----
END OF MODULE INFORMATION.


C51 COMPILATION COMPLETE.  0 WARNING(S),  0 ERROR(S)
