C51 COMPILER V9.52.0.0   MAIN                                                              05/08/2020 20:54:56 PAGE 1   


C51 COMPILER V9.52.0.0, COMPILATION OF MODULE MAIN
OBJECT MODULE PLACED IN c:\Users\Harry\Desktop\shiyan\testADC\code_2\out\Keil_C51\main.o
COMPILER INVOKED BY: C:\Program Files\Keil\C51\BIN\C51.exe C:\USERS\HARRY\DESKTOP\SHIYAN\TESTADC\CODE_2\SRC\MAIN.C PRINT
                    -(c:\Users\Harry\Desktop\shiyan\testADC\code_2\out\Keil_C51\main.lst) OMF2 TABS(2) OPTIMIZE(8,SPEED) SMALL ROM(SMALL) INC
                    -DIR(c:\Users\Harry\Desktop\shiyan\testADC\code_2\dependence;c:\Users\Harry\Desktop\shiyan\testADC\code_2\src;c:\Users\Ha
                    -rry\Desktop\shiyan\testADC\code_2\dependence\build-in\toolchain) DEFINE(__UVISION_VERSION) OBJECT(c:\Users\Harry\Desktop
                    -\shiyan\testADC\code_2\out\Keil_C51\main.o)

line level    source

   1          #include "8051.h"
   2          #include "LED_func.h"
   3          #include "ADC_func.h"
   4          #include "interrupt_func.h"
   5          
   6          
   7          uchar num = 0;
   8          
   9          void main()
  10          {
  11   1          
  12   1          while(1)
  13   1          {
  14   2              
  15   2              EX1_init();
  16   2              LED_show(1,1);
  17   2              ADC_choose_INO();   // 选择ADC的INO 作为模拟量输入
  18   2                                  // 使用Y7控制，地址 E000H
  19   2              while (IE1 != 1);   // 当未产生中断，即未转换完成是程序等待
  20   2              num = ADC_INO;      // 保存转换出的数据
  21   2              LED_show(2,1);
  22   2          }
  23   1      }


MODULE INFORMATION:   STATIC OVERLAYABLE
   CODE SIZE        =     27    ----
   CONSTANT SIZE    =   ----    ----
   XDATA SIZE       =   ----    ----
   PDATA SIZE       =   ----    ----
   DATA SIZE        =      1    ----
   IDATA SIZE       =   ----    ----
   BIT SIZE         =   ----    ----
   EDATA SIZE       =   ----    ----
   HDATA SIZE       =   ----    ----
   XDATA CONST SIZE =   ----    ----
   FAR CONST SIZE   =   ----    ----
END OF MODULE INFORMATION.


C51 COMPILATION COMPLETE.  0 WARNING(S),  0 ERROR(S)
