C51 COMPILER V9.52.0.0   MAIN                                                              05/01/2020 22:05:48 PAGE 1   


C51 COMPILER V9.52.0.0, COMPILATION OF MODULE MAIN
OBJECT MODULE PLACED IN .\keilOut\main.obj
COMPILER INVOKED BY: C:\Program Files\Keil\C51\BIN\C51.EXE src\main.c OMF2 OPTIMIZE(8,SPEED) BROWSE INCDIR(.\dependence;
                    -.\src) DEBUG PRINT(.\Listings\main.lst) OBJECT(.\keilOut\main.obj)

line level    source

   1          #include "reg51.h"
   2          #include "DAC0832.H"
   3          #include "ADC0808.H"
   4          #define uchar unsigned char
   5          
   6          
   7          void delay(uchar time)
   8          {
   9   1          unsigned char a;
  10   1          for(a=time;a>0;a--);
  11   1      }
  12          
  13          
  14          void main()
  15          {
  16   1          uchar volte = 0x00;
  17   1          while (1)
  18   1          {
  19   2              DAC0832 = volte;
  20   2              volte++;
  21   2              delay(ADC());
  22   2          }
  23   1      }


MODULE INFORMATION:   STATIC OVERLAYABLE
   CODE SIZE        =     29    ----
   CONSTANT SIZE    =   ----    ----
   XDATA SIZE       =   ----    ----
   PDATA SIZE       =   ----    ----
   DATA SIZE        =   ----       1
   IDATA SIZE       =   ----    ----
   BIT SIZE         =   ----    ----
   EDATA SIZE       =   ----    ----
   HDATA SIZE       =   ----    ----
   XDATA CONST SIZE =   ----    ----
   FAR CONST SIZE   =   ----    ----
END OF MODULE INFORMATION.


C51 COMPILATION COMPLETE.  0 WARNING(S),  0 ERROR(S)
