C51 COMPILER V9.52.0.0   ADC0808                                                           05/01/2020 22:05:48 PAGE 1   


C51 COMPILER V9.52.0.0, COMPILATION OF MODULE ADC0808
OBJECT MODULE PLACED IN .\keilOut\ADC0808.obj
COMPILER INVOKED BY: C:\Program Files\Keil\C51\BIN\C51.EXE src\ADC0808.c OMF2 OPTIMIZE(8,SPEED) BROWSE INCDIR(.\dependen
                    -ce;.\src) DEBUG PRINT(.\Listings\ADC0808.lst) OBJECT(.\keilOut\ADC0808.obj)

line level    source

   1          #include "REG51.H"
   2          #define uchar unsigned char
   3          
   4          void delay5ms(void)
   5          {
   6   1          unsigned char a,b;
   7   1          for(b=19;b>0;b--)
   8   1              for(a=13;a>0;a--);
   9   1      }
  10          
  11          sbit start = P3^0;
  12          sbit EOC = P3^1;
  13          sbit OE = P3^2;
  14          uchar ADC()
  15          {
  16   1          uchar val = 0;
  17   1          start = 0;
  18   1          start = 1;
  19   1          delay5ms();
  20   1          start = 0;
  21   1          while (EOC != 1);
  22   1          OE = 1;
  23   1          val = P1;
  24   1          return val; 
  25   1      }


MODULE INFORMATION:   STATIC OVERLAYABLE
   CODE SIZE        =     30    ----
   CONSTANT SIZE    =   ----    ----
   XDATA SIZE       =   ----    ----
   PDATA SIZE       =   ----    ----
   DATA SIZE        =   ----    ----
   IDATA SIZE       =   ----    ----
   BIT SIZE         =   ----    ----
   EDATA SIZE       =   ----    ----
   HDATA SIZE       =   ----    ----
   XDATA CONST SIZE =   ----    ----
   FAR CONST SIZE   =   ----    ----
END OF MODULE INFORMATION.


C51 COMPILATION COMPLETE.  0 WARNING(S),  0 ERROR(S)
