
[12345678-1234-5678-90AB-CDDEEFAABBCC] : log at : 2020/4/30|11:07:30|GMT+0800
[Warning] : TypeError: Cannot read property 'Targets' of undefined
	at h.SetKeilXml (c:\Users\Harry\.vscode\extensions\cl.eide-1.12.0\dist\extension.js:1:202745)
	at M.GenerateKeilPrjFile (c:\Users\Harry\.vscode\extensions\cl.eide-1.12.0\dist\extension.js:1:84408)
	at t.ProjectExplorer.GenerateKeilXml (c:\Users\Harry\.vscode\extensions\cl.eide-1.12.0\dist\extension.js:1:182341)
	at c:\Users\Harry\.vscode\extensions\cl.eide-1.12.0\dist\extension.js:1:143166
	at e._executeContributedCommand (c:\Program Files\Microsoft VS Code\resources\app\out\vs\workbench\services\extensions\node\extensionHostProcess.js:592:220)
	at e.$executeContributedCommand (c:\Program Files\Microsoft VS Code\resources\app\out\vs\workbench\services\extensions\node\extensionHostProcess.js:592:595)
	at e._doInvokeHandler (c:\Program Files\Microsoft VS Code\resources\app\out\vs\workbench\services\extensions\node\extensionHostProcess.js:752:683)
	at e._invokeHandler (c:\Program Files\Microsoft VS Code\resources\app\out\vs\workbench\services\extensions\node\extensionHostProcess.js:752:375)
	at e._receiveRequest (c:\Program Files\Microsoft VS Code\resources\app\out\vs\workbench\services\extensions\node\extensionHostProcess.js:751:14)
	at e._receiveOneMessage (c:\Program Files\Microsoft VS Code\resources\app\out\vs\workbench\services\extensions\node\extensionHostProcess.js:750:6)
	at c:\Program Files\Microsoft VS Code\resources\app\out\vs\workbench\services\extensions\node\extensionHostProcess.js:748:34
	at e.fire (c:\Program Files\Microsoft VS Code\resources\app\out\vs\workbench\services\extensions\node\extensionHostProcess.js:48:497)
	at v.fire (c:\Program Files\Microsoft VS Code\resources\app\out\vs\workbench\services\extensions\node\extensionHostProcess.js:206:615)
	at c:\Program Files\Microsoft VS Code\resources\app\out\vs\workbench\services\extensions\node\extensionHostProcess.js:919:744
	at e.fire (c:\Program Files\Microsoft VS Code\resources\app\out\vs\workbench\services\extensions\node\extensionHostProcess.js:48:497)
	at v.fire (c:\Program Files\Microsoft VS Code\resources\app\out\vs\workbench\services\extensions\node\extensionHostProcess.js:206:615)
	at t.PersistentProtocol._receiveMessage (c:\Program Files\Microsoft VS Code\resources\app\out\vs\workbench\services\extensions\node\extensionHostProcess.js:211:17)
	at c:\Program Files\Microsoft VS Code\resources\app\out\vs\workbench\services\extensions\node\extensionHostProcess.js:208:155
	at e.fire (c:\Program Files\Microsoft VS Code\resources\app\out\vs\workbench\services\extensions\node\extensionHostProcess.js:48:497)
	at p.acceptChunk (c:\Program Files\Microsoft VS Code\resources\app\out\vs\workbench\services\extensions\node\extensionHostProcess.js:204:129)
	at c:\Program Files\Microsoft VS Code\resources\app\out\vs\workbench\services\extensions\node\extensionHostProcess.js:203:483
	at Socket.t (c:\Program Files\Microsoft VS Code\resources\app\out\vs\workbench\services\extensions\node\extensionHostProcess.js:212:565)
	at Socket.emit (events.js:203:13)
	at addChunk (_stream_readable.js:295:12)
	at readableAddChunk (_stream_readable.js:276:11)
	at Socket.Readable.push (_stream_readable.js:210:10)
	at Pipe.onStreamRead (internal/stream_base_commons.js:166:17)
[Warning] : TypeError: Cannot read property 'Targets' of undefined
	at h.SetKeilXml (c:\Users\Harry\.vscode\extensions\cl.eide-1.12.0\dist\extension.js:1:202745)
	at M.GenerateKeilPrjFile (c:\Users\Harry\.vscode\extensions\cl.eide-1.12.0\dist\extension.js:1:84408)
	at t.ProjectExplorer.GenerateKeilXml (c:\Users\Harry\.vscode\extensions\cl.eide-1.12.0\dist\extension.js:1:182341)
	at c:\Users\Harry\.vscode\extensions\cl.eide-1.12.0\dist\extension.js:1:143166
	at e._executeContributedCommand (c:\Program Files\Microsoft VS Code\resources\app\out\vs\workbench\services\extensions\node\extensionHostProcess.js:592:220)
	at e.$executeContributedCommand (c:\Program Files\Microsoft VS Code\resources\app\out\vs\workbench\services\extensions\node\extensionHostProcess.js:592:595)
	at e._doInvokeHandler (c:\Program Files\Microsoft VS Code\resources\app\out\vs\workbench\services\extensions\node\extensionHostProcess.js:752:683)
	at e._invokeHandler (c:\Program Files\Microsoft VS Code\resources\app\out\vs\workbench\services\extensions\node\extensionHostProcess.js:752:375)
	at e._receiveRequest (c:\Program Files\Microsoft VS Code\resources\app\out\vs\workbench\services\extensions\node\extensionHostProcess.js:751:14)
	at e._receiveOneMessage (c:\Program Files\Microsoft VS Code\resources\app\out\vs\workbench\services\extensions\node\extensionHostProcess.js:750:6)
	at c:\Program Files\Microsoft VS Code\resources\app\out\vs\workbench\services\extensions\node\extensionHostProcess.js:748:34
	at e.fire (c:\Program Files\Microsoft VS Code\resources\app\out\vs\workbench\services\extensions\node\extensionHostProcess.js:48:497)
	at v.fire (c:\Program Files\Microsoft VS Code\resources\app\out\vs\workbench\services\extensions\node\extensionHostProcess.js:206:615)
	at c:\Program Files\Microsoft VS Code\resources\app\out\vs\workbench\services\extensions\node\extensionHostProcess.js:919:744
	at e.fire (c:\Program Files\Microsoft VS Code\resources\app\out\vs\workbench\services\extensions\node\extensionHostProcess.js:48:497)
	at v.fire (c:\Program Files\Microsoft VS Code\resources\app\out\vs\workbench\services\extensions\node\extensionHostProcess.js:206:615)
	at t.PersistentProtocol._receiveMessage (c:\Program Files\Microsoft VS Code\resources\app\out\vs\workbench\services\extensions\node\extensionHostProcess.js:211:17)
	at c:\Program Files\Microsoft VS Code\resources\app\out\vs\workbench\services\extensions\node\extensionHostProcess.js:208:155
	at e.fire (c:\Program Files\Microsoft VS Code\resources\app\out\vs\workbench\services\extensions\node\extensionHostProcess.js:48:497)
	at p.acceptChunk (c:\Program Files\Microsoft VS Code\resources\app\out\vs\workbench\services\extensions\node\extensionHostProcess.js:204:129)
	at c:\Program Files\Microsoft VS Code\resources\app\out\vs\workbench\services\extensions\node\extensionHostProcess.js:203:483
	at Socket.t (c:\Program Files\Microsoft VS Code\resources\app\out\vs\workbench\services\extensions\node\extensionHostProcess.js:212:565)
	at Socket.emit (events.js:203:13)
	at addChunk (_stream_readable.js:295:12)
	at readableAddChunk (_stream_readable.js:276:11)
	at Socket.Readable.push (_stream_readable.js:210:10)
	at Pipe.onStreamRead (internal/stream_base_commons.js:166:17)
[Warning] : TypeError: Cannot read property 'Targets' of undefined
	at h.SetKeilXml (c:\Users\Harry\.vscode\extensions\cl.eide-1.12.0\dist\extension.js:1:202745)
	at M.GenerateKeilPrjFile (c:\Users\Harry\.vscode\extensions\cl.eide-1.12.0\dist\extension.js:1:84408)
	at t.ProjectExplorer.GenerateKeilXml (c:\Users\Harry\.vscode\extensions\cl.eide-1.12.0\dist\extension.js:1:182341)
	at c:\Users\Harry\.vscode\extensions\cl.eide-1.12.0\dist\extension.js:1:143166
	at e._executeContributedCommand (c:\Program Files\Microsoft VS Code\resources\app\out\vs\workbench\services\extensions\node\extensionHostProcess.js:592:220)
	at e.$executeContributedCommand (c:\Program Files\Microsoft VS Code\resources\app\out\vs\workbench\services\extensions\node\extensionHostProcess.js:592:595)
	at e._doInvokeHandler (c:\Program Files\Microsoft VS Code\resources\app\out\vs\workbench\services\extensions\node\extensionHostProcess.js:752:683)
	at e._invokeHandler (c:\Program Files\Microsoft VS Code\resources\app\out\vs\workbench\services\extensions\node\extensionHostProcess.js:752:375)
	at e._receiveRequest (c:\Program Files\Microsoft VS Code\resources\app\out\vs\workbench\services\extensions\node\extensionHostProcess.js:751:14)
	at e._receiveOneMessage (c:\Program Files\Microsoft VS Code\resources\app\out\vs\workbench\services\extensions\node\extensionHostProcess.js:750:6)
	at c:\Program Files\Microsoft VS Code\resources\app\out\vs\workbench\services\extensions\node\extensionHostProcess.js:748:34
	at e.fire (c:\Program Files\Microsoft VS Code\resources\app\out\vs\workbench\services\extensions\node\extensionHostProcess.js:48:497)
	at v.fire (c:\Program Files\Microsoft VS Code\resources\app\out\vs\workbench\services\extensions\node\extensionHostProcess.js:206:615)
	at c:\Program Files\Microsoft VS Code\resources\app\out\vs\workbench\services\extensions\node\extensionHostProcess.js:919:744
	at e.fire (c:\Program Files\Microsoft VS Code\resources\app\out\vs\workbench\services\extensions\node\extensionHostProcess.js:48:497)
	at v.fire (c:\Program Files\Microsoft VS Code\resources\app\out\vs\workbench\services\extensions\node\extensionHostProcess.js:206:615)
	at t.PersistentProtocol._receiveMessage (c:\Program Files\Microsoft VS Code\resources\app\out\vs\workbench\services\extensions\node\extensionHostProcess.js:211:17)
	at c:\Program Files\Microsoft VS Code\resources\app\out\vs\workbench\services\extensions\node\extensionHostProcess.js:208:155
	at e.fire (c:\Program Files\Microsoft VS Code\resources\app\out\vs\workbench\services\extensions\node\extensionHostProcess.js:48:497)
	at p.acceptChunk (c:\Program Files\Microsoft VS Code\resources\app\out\vs\workbench\services\extensions\node\extensionHostProcess.js:204:129)
	at c:\Program Files\Microsoft VS Code\resources\app\out\vs\workbench\services\extensions\node\extensionHostProcess.js:203:483
	at Socket.t (c:\Program Files\Microsoft VS Code\resources\app\out\vs\workbench\services\extensions\node\extensionHostProcess.js:212:565)
	at Socket.emit (events.js:203:13)
	at addChunk (_stream_readable.js:295:12)
	at readableAddChunk (_stream_readable.js:276:11)
	at Socket.Readable.push (_stream_readable.js:210:10)
	at Pipe.onStreamRead (internal/stream_base_commons.js:166:17)



[12345678-1234-5678-90AB-CDDEEFAABBCC] : log at : 2020/4/30|11:18:36|GMT+0800
[Warning] : TypeError: Cannot read property 'Targets' of undefined
	at h.SetKeilXml (c:\Users\Harry\.vscode\extensions\cl.eide-1.12.0\dist\extension.js:1:202745)
	at M.GenerateKeilPrjFile (c:\Users\Harry\.vscode\extensions\cl.eide-1.12.0\dist\extension.js:1:84408)
	at t.ProjectExplorer.GenerateKeilXml (c:\Users\Harry\.vscode\extensions\cl.eide-1.12.0\dist\extension.js:1:182341)
	at c:\Users\Harry\.vscode\extensions\cl.eide-1.12.0\dist\extension.js:1:143166
	at e._executeContributedCommand (c:\Program Files\Microsoft VS Code\resources\app\out\vs\workbench\services\extensions\node\extensionHostProcess.js:592:220)
	at e.$executeContributedCommand (c:\Program Files\Microsoft VS Code\resources\app\out\vs\workbench\services\extensions\node\extensionHostProcess.js:592:595)
	at e._doInvokeHandler (c:\Program Files\Microsoft VS Code\resources\app\out\vs\workbench\services\extensions\node\extensionHostProcess.js:752:683)
	at e._invokeHandler (c:\Program Files\Microsoft VS Code\resources\app\out\vs\workbench\services\extensions\node\extensionHostProcess.js:752:375)
	at e._receiveRequest (c:\Program Files\Microsoft VS Code\resources\app\out\vs\workbench\services\extensions\node\extensionHostProcess.js:751:14)
	at e._receiveOneMessage (c:\Program Files\Microsoft VS Code\resources\app\out\vs\workbench\services\extensions\node\extensionHostProcess.js:750:6)
	at c:\Program Files\Microsoft VS Code\resources\app\out\vs\workbench\services\extensions\node\extensionHostProcess.js:748:34
	at e.fire (c:\Program Files\Microsoft VS Code\resources\app\out\vs\workbench\services\extensions\node\extensionHostProcess.js:48:497)
	at v.fire (c:\Program Files\Microsoft VS Code\resources\app\out\vs\workbench\services\extensions\node\extensionHostProcess.js:206:615)
	at c:\Program Files\Microsoft VS Code\resources\app\out\vs\workbench\services\extensions\node\extensionHostProcess.js:919:744
	at e.fire (c:\Program Files\Microsoft VS Code\resources\app\out\vs\workbench\services\extensions\node\extensionHostProcess.js:48:497)
	at v.fire (c:\Program Files\Microsoft VS Code\resources\app\out\vs\workbench\services\extensions\node\extensionHostProcess.js:206:615)
	at t.PersistentProtocol._receiveMessage (c:\Program Files\Microsoft VS Code\resources\app\out\vs\workbench\services\extensions\node\extensionHostProcess.js:211:17)
	at c:\Program Files\Microsoft VS Code\resources\app\out\vs\workbench\services\extensions\node\extensionHostProcess.js:208:155
	at e.fire (c:\Program Files\Microsoft VS Code\resources\app\out\vs\workbench\services\extensions\node\extensionHostProcess.js:48:497)
	at p.acceptChunk (c:\Program Files\Microsoft VS Code\resources\app\out\vs\workbench\services\extensions\node\extensionHostProcess.js:204:129)
	at c:\Program Files\Microsoft VS Code\resources\app\out\vs\workbench\services\extensions\node\extensionHostProcess.js:203:483
	at Socket.t (c:\Program Files\Microsoft VS Code\resources\app\out\vs\workbench\services\extensions\node\extensionHostProcess.js:212:565)
	at Socket.emit (events.js:203:13)
	at addChunk (_stream_readable.js:295:12)
	at readableAddChunk (_stream_readable.js:276:11)
	at Socket.Readable.push (_stream_readable.js:210:10)
	at Pipe.onStreamRead (internal/stream_base_commons.js:166:17)



[12345678-1234-5678-90AB-CDDEEFAABBCC] : log at : 2020/4/30|11:20:11|GMT+0800
[Warning] : TypeError: Cannot read property 'Targets' of undefined
	at h.SetKeilXml (c:\Users\Harry\.vscode\extensions\cl.eide-1.12.0\dist\extension.js:1:202745)
	at M.GenerateKeilPrjFile (c:\Users\Harry\.vscode\extensions\cl.eide-1.12.0\dist\extension.js:1:84408)
	at t.ProjectExplorer.GenerateKeilXml (c:\Users\Harry\.vscode\extensions\cl.eide-1.12.0\dist\extension.js:1:182341)
	at c:\Users\Harry\.vscode\extensions\cl.eide-1.12.0\dist\extension.js:1:143166
	at e._executeContributedCommand (c:\Program Files\Microsoft VS Code\resources\app\out\vs\workbench\services\extensions\node\extensionHostProcess.js:592:220)
	at e.$executeContributedCommand (c:\Program Files\Microsoft VS Code\resources\app\out\vs\workbench\services\extensions\node\extensionHostProcess.js:592:595)
	at e._doInvokeHandler (c:\Program Files\Microsoft VS Code\resources\app\out\vs\workbench\services\extensions\node\extensionHostProcess.js:752:683)
	at e._invokeHandler (c:\Program Files\Microsoft VS Code\resources\app\out\vs\workbench\services\extensions\node\extensionHostProcess.js:752:375)
	at e._receiveRequest (c:\Program Files\Microsoft VS Code\resources\app\out\vs\workbench\services\extensions\node\extensionHostProcess.js:751:14)
	at e._receiveOneMessage (c:\Program Files\Microsoft VS Code\resources\app\out\vs\workbench\services\extensions\node\extensionHostProcess.js:750:6)
	at c:\Program Files\Microsoft VS Code\resources\app\out\vs\workbench\services\extensions\node\extensionHostProcess.js:748:34
	at e.fire (c:\Program Files\Microsoft VS Code\resources\app\out\vs\workbench\services\extensions\node\extensionHostProcess.js:48:497)
	at v.fire (c:\Program Files\Microsoft VS Code\resources\app\out\vs\workbench\services\extensions\node\extensionHostProcess.js:206:615)
	at c:\Program Files\Microsoft VS Code\resources\app\out\vs\workbench\services\extensions\node\extensionHostProcess.js:919:744
	at e.fire (c:\Program Files\Microsoft VS Code\resources\app\out\vs\workbench\services\extensions\node\extensionHostProcess.js:48:497)
	at v.fire (c:\Program Files\Microsoft VS Code\resources\app\out\vs\workbench\services\extensions\node\extensionHostProcess.js:206:615)
	at t.PersistentProtocol._receiveMessage (c:\Program Files\Microsoft VS Code\resources\app\out\vs\workbench\services\extensions\node\extensionHostProcess.js:211:17)
	at c:\Program Files\Microsoft VS Code\resources\app\out\vs\workbench\services\extensions\node\extensionHostProcess.js:208:155
	at e.fire (c:\Program Files\Microsoft VS Code\resources\app\out\vs\workbench\services\extensions\node\extensionHostProcess.js:48:497)
	at p.acceptChunk (c:\Program Files\Microsoft VS Code\resources\app\out\vs\workbench\services\extensions\node\extensionHostProcess.js:204:129)
	at c:\Program Files\Microsoft VS Code\resources\app\out\vs\workbench\services\extensions\node\extensionHostProcess.js:203:483
	at Socket.t (c:\Program Files\Microsoft VS Code\resources\app\out\vs\workbench\services\extensions\node\extensionHostProcess.js:212:565)
	at Socket.emit (events.js:203:13)
	at addChunk (_stream_readable.js:295:12)
	at readableAddChunk (_stream_readable.js:276:11)
	at Socket.Readable.push (_stream_readable.js:210:10)
	at Pipe.onStreamRead (internal/stream_base_commons.js:166:17)
[Warning] : TypeError: Cannot read property 'Targets' of undefined
	at h.SetKeilXml (c:\Users\Harry\.vscode\extensions\cl.eide-1.12.0\dist\extension.js:1:202745)
	at M.GenerateKeilPrjFile (c:\Users\Harry\.vscode\extensions\cl.eide-1.12.0\dist\extension.js:1:84408)
	at t.ProjectExplorer.GenerateKeilXml (c:\Users\Harry\.vscode\extensions\cl.eide-1.12.0\dist\extension.js:1:182341)
	at c:\Users\Harry\.vscode\extensions\cl.eide-1.12.0\dist\extension.js:1:143166
	at e._executeContributedCommand (c:\Program Files\Microsoft VS Code\resources\app\out\vs\workbench\services\extensions\node\extensionHostProcess.js:592:220)
	at e.$executeContributedCommand (c:\Program Files\Microsoft VS Code\resources\app\out\vs\workbench\services\extensions\node\extensionHostProcess.js:592:595)
	at e._doInvokeHandler (c:\Program Files\Microsoft VS Code\resources\app\out\vs\workbench\services\extensions\node\extensionHostProcess.js:752:683)
	at e._invokeHandler (c:\Program Files\Microsoft VS Code\resources\app\out\vs\workbench\services\extensions\node\extensionHostProcess.js:752:375)
	at e._receiveRequest (c:\Program Files\Microsoft VS Code\resources\app\out\vs\workbench\services\extensions\node\extensionHostProcess.js:751:14)
	at e._receiveOneMessage (c:\Program Files\Microsoft VS Code\resources\app\out\vs\workbench\services\extensions\node\extensionHostProcess.js:750:6)
	at c:\Program Files\Microsoft VS Code\resources\app\out\vs\workbench\services\extensions\node\extensionHostProcess.js:748:34
	at e.fire (c:\Program Files\Microsoft VS Code\resources\app\out\vs\workbench\services\extensions\node\extensionHostProcess.js:48:497)
	at v.fire (c:\Program Files\Microsoft VS Code\resources\app\out\vs\workbench\services\extensions\node\extensionHostProcess.js:206:615)
	at c:\Program Files\Microsoft VS Code\resources\app\out\vs\workbench\services\extensions\node\extensionHostProcess.js:919:744
	at e.fire (c:\Program Files\Microsoft VS Code\resources\app\out\vs\workbench\services\extensions\node\extensionHostProcess.js:48:497)
	at v.fire (c:\Program Files\Microsoft VS Code\resources\app\out\vs\workbench\services\extensions\node\extensionHostProcess.js:206:615)
	at t.PersistentProtocol._receiveMessage (c:\Program Files\Microsoft VS Code\resources\app\out\vs\workbench\services\extensions\node\extensionHostProcess.js:211:17)
	at c:\Program Files\Microsoft VS Code\resources\app\out\vs\workbench\services\extensions\node\extensionHostProcess.js:208:155
	at e.fire (c:\Program Files\Microsoft VS Code\resources\app\out\vs\workbench\services\extensions\node\extensionHostProcess.js:48:497)
	at p.acceptChunk (c:\Program Files\Microsoft VS Code\resources\app\out\vs\workbench\services\extensions\node\extensionHostProcess.js:204:129)
	at c:\Program Files\Microsoft VS Code\resources\app\out\vs\workbench\services\extensions\node\extensionHostProcess.js:203:483
	at Socket.t (c:\Program Files\Microsoft VS Code\resources\app\out\vs\workbench\services\extensions\node\extensionHostProcess.js:212:565)
	at Socket.emit (events.js:203:13)
	at addChunk (_stream_readable.js:295:12)
	at readableAddChunk (_stream_readable.js:276:11)
	at Socket.Readable.push (_stream_readable.js:210:10)
	at Pipe.onStreamRead (internal/stream_base_commons.js:166:17)
[Warning] : TypeError: Cannot read property 'Targets' of undefined
	at h.SetKeilXml (c:\Users\Harry\.vscode\extensions\cl.eide-1.12.0\dist\extension.js:1:202745)
	at M.GenerateKeilPrjFile (c:\Users\Harry\.vscode\extensions\cl.eide-1.12.0\dist\extension.js:1:84408)
	at t.ProjectExplorer.GenerateKeilXml (c:\Users\Harry\.vscode\extensions\cl.eide-1.12.0\dist\extension.js:1:182341)
	at c:\Users\Harry\.vscode\extensions\cl.eide-1.12.0\dist\extension.js:1:143166
	at e._executeContributedCommand (c:\Program Files\Microsoft VS Code\resources\app\out\vs\workbench\services\extensions\node\extensionHostProcess.js:592:220)
	at e.$executeContributedCommand (c:\Program Files\Microsoft VS Code\resources\app\out\vs\workbench\services\extensions\node\extensionHostProcess.js:592:595)
	at e._doInvokeHandler (c:\Program Files\Microsoft VS Code\resources\app\out\vs\workbench\services\extensions\node\extensionHostProcess.js:752:683)
	at e._invokeHandler (c:\Program Files\Microsoft VS Code\resources\app\out\vs\workbench\services\extensions\node\extensionHostProcess.js:752:375)
	at e._receiveRequest (c:\Program Files\Microsoft VS Code\resources\app\out\vs\workbench\services\extensions\node\extensionHostProcess.js:751:14)
	at e._receiveOneMessage (c:\Program Files\Microsoft VS Code\resources\app\out\vs\workbench\services\extensions\node\extensionHostProcess.js:750:6)
	at c:\Program Files\Microsoft VS Code\resources\app\out\vs\workbench\services\extensions\node\extensionHostProcess.js:748:34
	at e.fire (c:\Program Files\Microsoft VS Code\resources\app\out\vs\workbench\services\extensions\node\extensionHostProcess.js:48:497)
	at v.fire (c:\Program Files\Microsoft VS Code\resources\app\out\vs\workbench\services\extensions\node\extensionHostProcess.js:206:615)
	at c:\Program Files\Microsoft VS Code\resources\app\out\vs\workbench\services\extensions\node\extensionHostProcess.js:919:744
	at e.fire (c:\Program Files\Microsoft VS Code\resources\app\out\vs\workbench\services\extensions\node\extensionHostProcess.js:48:497)
	at v.fire (c:\Program Files\Microsoft VS Code\resources\app\out\vs\workbench\services\extensions\node\extensionHostProcess.js:206:615)
	at t.PersistentProtocol._receiveMessage (c:\Program Files\Microsoft VS Code\resources\app\out\vs\workbench\services\extensions\node\extensionHostProcess.js:211:17)
	at c:\Program Files\Microsoft VS Code\resources\app\out\vs\workbench\services\extensions\node\extensionHostProcess.js:208:155
	at e.fire (c:\Program Files\Microsoft VS Code\resources\app\out\vs\workbench\services\extensions\node\extensionHostProcess.js:48:497)
	at p.acceptChunk (c:\Program Files\Microsoft VS Code\resources\app\out\vs\workbench\services\extensions\node\extensionHostProcess.js:204:129)
	at c:\Program Files\Microsoft VS Code\resources\app\out\vs\workbench\services\extensions\node\extensionHostProcess.js:203:483
	at Socket.t (c:\Program Files\Microsoft VS Code\resources\app\out\vs\workbench\services\extensions\node\extensionHostProcess.js:212:565)
	at Socket.emit (events.js:203:13)
	at addChunk (_stream_readable.js:295:12)
	at readableAddChunk (_stream_readable.js:276:11)
	at Socket.Readable.push (_stream_readable.js:210:10)
	at Pipe.onStreamRead (internal/stream_base_commons.js:166:17)

[12345678-1234-5678-90AB-CDDEEFAABBCC] : log at : 2020/4/30|16:43:13|GMT+0800
[Warning] : TypeError: Cannot read property 'Targets' of undefined
	at h.SetKeilXml (c:\Users\Harry\.vscode\extensions\cl.eide-1.12.0\dist\extension.js:1:202745)
	at M.GenerateKeilPrjFile (c:\Users\Harry\.vscode\extensions\cl.eide-1.12.0\dist\extension.js:1:84408)
	at t.ProjectExplorer.GenerateKeilXml (c:\Users\Harry\.vscode\extensions\cl.eide-1.12.0\dist\extension.js:1:182341)
	at c:\Users\Harry\.vscode\extensions\cl.eide-1.12.0\dist\extension.js:1:143166
	at e._executeContributedCommand (c:\Program Files\Microsoft VS Code\resources\app\out\vs\workbench\services\extensions\node\extensionHostProcess.js:592:220)
	at e.$executeContributedCommand (c:\Program Files\Microsoft VS Code\resources\app\out\vs\workbench\services\extensions\node\extensionHostProcess.js:592:595)
	at e._doInvokeHandler (c:\Program Files\Microsoft VS Code\resources\app\out\vs\workbench\services\extensions\node\extensionHostProcess.js:752:683)
	at e._invokeHandler (c:\Program Files\Microsoft VS Code\resources\app\out\vs\workbench\services\extensions\node\extensionHostProcess.js:752:375)
	at e._receiveRequest (c:\Program Files\Microsoft VS Code\resources\app\out\vs\workbench\services\extensions\node\extensionHostProcess.js:751:14)
	at e._receiveOneMessage (c:\Program Files\Microsoft VS Code\resources\app\out\vs\workbench\services\extensions\node\extensionHostProcess.js:750:6)
	at c:\Program Files\Microsoft VS Code\resources\app\out\vs\workbench\services\extensions\node\extensionHostProcess.js:748:34
	at e.fire (c:\Program Files\Microsoft VS Code\resources\app\out\vs\workbench\services\extensions\node\extensionHostProcess.js:48:497)
	at v.fire (c:\Program Files\Microsoft VS Code\resources\app\out\vs\workbench\services\extensions\node\extensionHostProcess.js:206:615)
	at c:\Program Files\Microsoft VS Code\resources\app\out\vs\workbench\services\extensions\node\extensionHostProcess.js:919:744
	at e.fire (c:\Program Files\Microsoft VS Code\resources\app\out\vs\workbench\services\extensions\node\extensionHostProcess.js:48:497)
	at v.fire (c:\Program Files\Microsoft VS Code\resources\app\out\vs\workbench\services\extensions\node\extensionHostProcess.js:206:615)
	at t.PersistentProtocol._receiveMessage (c:\Program Files\Microsoft VS Code\resources\app\out\vs\workbench\services\extensions\node\extensionHostProcess.js:211:17)
	at c:\Program Files\Microsoft VS Code\resources\app\out\vs\workbench\services\extensions\node\extensionHostProcess.js:208:155
	at e.fire (c:\Program Files\Microsoft VS Code\resources\app\out\vs\workbench\services\extensions\node\extensionHostProcess.js:48:497)
	at p.acceptChunk (c:\Program Files\Microsoft VS Code\resources\app\out\vs\workbench\services\extensions\node\extensionHostProcess.js:204:129)
	at c:\Program Files\Microsoft VS Code\resources\app\out\vs\workbench\services\extensions\node\extensionHostProcess.js:203:483
	at Socket.t (c:\Program Files\Microsoft VS Code\resources\app\out\vs\workbench\services\extensions\node\extensionHostProcess.js:212:565)
	at Socket.emit (events.js:203:13)
	at addChunk (_stream_readable.js:295:12)
	at readableAddChunk (_stream_readable.js:276:11)
	at Socket.Readable.push (_stream_readable.js:210:10)
	at Pipe.onStreamRead (internal/stream_base_commons.js:166:17)



[12345678-1234-5678-90AB-CDDEEFAABBCC] : log at : 2020/4/30|16:51:41|GMT+0800

[12345678-1234-5678-90AB-CDDEEFAABBCC] : log at : 2020/5/1|16:45:30|GMT+0800
[Hidden] : Not found D:\ARM-GCC\8 2019-q3-update\bin\arm-none-eabi-gcc.exe !
