C51 COMPILER V9.52.0.0   INTERRUPT                                                         05/08/2020 15:05:22 PAGE 1   


C51 COMPILER V9.52.0.0, COMPILATION OF MODULE INTERRUPT
OBJECT MODULE PLACED IN c:\Users\Harry\Documents\OneDrive - ODMAIL\ังฯฐืสมฯ\ด๓ถฯยังฦฺ\ฮขป๚ิญภํ\สตั้\ฟฮณฬสตั้\02\code\out\Keil_C51\interrupt.o
COMPILER INVOKED BY: C:\Program Files\Keil\C51\BIN\C51.exe c:\Users\Harry\Documents\OneDrive - ODMAIL\ังฯฐืสมฯ\ด๓ถฯยังฦ
                    -ฺ\ฮขป๚ิญภํ\สตั้\ฟฮณฬสตั้\02\code\src\interrupt.c PRINT(c:\Users\Harry\Documents\OneDrive - ODMAIL\ังฯฐืสมฯ\ด๓ถฯยังฦฺ\ฮข
                    -ป๚ิญภํ\สตั้\ฟฮณฬสตั้\02\code\out\Keil_C51\interrupt.lst) OMF2 TABS(2) OPTIMIZE(8,SPEED) LARGE ROM(LARGE) INCDIR(c:\Users
                    -\Harry\Documents\OneDrive - ODMAIL\ังฯฐืสมฯ\ด๓ถฯยังฦฺ\ฮขป๚ิญภํ\สตั้\ฟฮณฬสตั้\02\code\dependence;c:\Users\Harry\Document
                    -s\OneDrive - ODMAIL\ังฯฐืสมฯ\ด๓ถฯยังฦฺ\ฮขป๚ิญภํ\สตั้\ฟฮณฬสตั้\02\code\src;c:\Users\Harry\Documents\OneDrive - ODMAIL\ัง
                    -ฯฐืสมฯ\ด๓ถฯยังฦฺ\ฮขป๚ิญภํ\สตั้\ฟฮณฬสตั้\02\code\dependence\build-in\toolchain) DEFINE(__UVISION_VERSION) OBJECT(c:\User
                    -s\Harry\Documents\OneDrive - ODMAIL\ังฯฐืสมฯ\ด๓ถฯยังฦฺ\ฮขป๚ิญภํ\สตั้\ฟฮณฬสตั้\02\code\out\Keil_C51\interrupt.o)

line level    source

   1          #include "8051.H"
   2          
   3          // อโึะถฯณ๕สผปฏบฏส
   4          void EX0_init()
   5          {
   6   1          IT0 = 1;    // ฯยฝตัุดฅทข
   7   1          PX0 = 1;    // ธ฿ำลฯศผถ
   8   1          EX0 = 1;    // ตฅธ๖ึะถฯิสะํ
   9   1          EA = 1;     // ืึะถฯิหะะ
  10   1      }


MODULE INFORMATION:   STATIC OVERLAYABLE
   CODE SIZE        =      9    ----
   CONSTANT SIZE    =   ----    ----
   XDATA SIZE       =   ----    ----
   PDATA SIZE       =   ----    ----
   DATA SIZE        =   ----    ----
   IDATA SIZE       =   ----    ----
   BIT SIZE         =   ----    ----
   EDATA SIZE       =   ----    ----
   HDATA SIZE       =   ----    ----
   XDATA CONST SIZE =   ----    ----
   FAR CONST SIZE   =   ----    ----
END OF MODULE INFORMATION.


C51 COMPILATION COMPLETE.  0 WARNING(S),  0 ERROR(S)
