C51 COMPILER V9.52.0.0   MAIN                                                              05/08/2020 12:10:56 PAGE 1   


C51 COMPILER V9.52.0.0, COMPILATION OF MODULE MAIN
OBJECT MODULE PLACED IN c:\Users\Harry\Documents\OneDrive - ODMAIL\ังฯฐืสมฯ\ด๓ถฯยังฦฺ\ฮขป๚ิญภํ\สตั้\ฟฮณฬสตั้\02\code\out\Keil_C51\main.o
COMPILER INVOKED BY: C:\Program Files\Keil\C51\BIN\C51.exe c:\Users\Harry\Documents\OneDrive - ODMAIL\ังฯฐืสมฯ\ด๓ถฯยังฦ
                    -ฺ\ฮขป๚ิญภํ\สตั้\ฟฮณฬสตั้\02\code\src\main.c PRINT(c:\Users\Harry\Documents\OneDrive - ODMAIL\ังฯฐืสมฯ\ด๓ถฯยังฦฺ\ฮขป๚ิญภ
                    -ํ\สตั้\ฟฮณฬสตั้\02\code\out\Keil_C51\main.lst) OMF2 TABS(2) OPTIMIZE(8,SPEED) LARGE ROM(LARGE) INCDIR(c:\Users\Harry\Doc
                    -uments\OneDrive - ODMAIL\ังฯฐืสมฯ\ด๓ถฯยังฦฺ\ฮขป๚ิญภํ\สตั้\ฟฮณฬสตั้\02\code\dependence;c:\Users\Harry\Documents\OneDrive
                    - - ODMAIL\ังฯฐืสมฯ\ด๓ถฯยังฦฺ\ฮขป๚ิญภํ\สตั้\ฟฮณฬสตั้\02\code\src;c:\Users\Harry\Documents\OneDrive - ODMAIL\ังฯฐืสมฯ\ด๓ถ
                    -ฯยังฦฺ\ฮขป๚ิญภํ\สตั้\ฟฮณฬสตั้\02\code\dependence\build-in\toolchain) DEFINE(__UVISION_VERSION) OBJECT(c:\Users\Harry\Do
                    -cuments\OneDrive - ODMAIL\ังฯฐืสมฯ\ด๓ถฯยังฦฺ\ฮขป๚ิญภํ\สตั้\ฟฮณฬสตั้\02\code\out\Keil_C51\main.o)

line level    source

   1          #include "interrupt_func.h"
   2          
   3          void main()
   4          {
   5   1          EX0_init();     // ณ๕สผปฏอโึะถฯ
   6   1          while (1);
   7   1      }


MODULE INFORMATION:   STATIC OVERLAYABLE
   CODE SIZE        =      5    ----
   CONSTANT SIZE    =   ----    ----
   XDATA SIZE       =   ----    ----
   PDATA SIZE       =   ----    ----
   DATA SIZE        =   ----    ----
   IDATA SIZE       =   ----    ----
   BIT SIZE         =   ----    ----
   EDATA SIZE       =   ----    ----
   HDATA SIZE       =   ----    ----
   XDATA CONST SIZE =   ----    ----
   FAR CONST SIZE   =   ----    ----
END OF MODULE INFORMATION.


C51 COMPILATION COMPLETE.  0 WARNING(S),  0 ERROR(S)
