C51 COMPILER V9.52.0.0   TASKS                                                             05/08/2020 15:05:22 PAGE 1   


C51 COMPILER V9.52.0.0, COMPILATION OF MODULE TASKS
OBJECT MODULE PLACED IN c:\Users\Harry\Documents\OneDrive - ODMAIL\ังฯฐืสมฯ\ด๓ถฯยังฦฺ\ฮขป๚ิญภํ\สตั้\ฟฮณฬสตั้\02\code\out\Keil_C51\tasks.o
COMPILER INVOKED BY: C:\Program Files\Keil\C51\BIN\C51.exe c:\Users\Harry\Documents\OneDrive - ODMAIL\ังฯฐืสมฯ\ด๓ถฯยังฦ
                    -ฺ\ฮขป๚ิญภํ\สตั้\ฟฮณฬสตั้\02\code\src\tasks.c PRINT(c:\Users\Harry\Documents\OneDrive - ODMAIL\ังฯฐืสมฯ\ด๓ถฯยังฦฺ\ฮขป๚ิญ
                    -ภํ\สตั้\ฟฮณฬสตั้\02\code\out\Keil_C51\tasks.lst) OMF2 TABS(2) OPTIMIZE(8,SPEED) LARGE ROM(LARGE) INCDIR(c:\Users\Harry\D
                    -ocuments\OneDrive - ODMAIL\ังฯฐืสมฯ\ด๓ถฯยังฦฺ\ฮขป๚ิญภํ\สตั้\ฟฮณฬสตั้\02\code\dependence;c:\Users\Harry\Documents\OneDri
                    -ve - ODMAIL\ังฯฐืสมฯ\ด๓ถฯยังฦฺ\ฮขป๚ิญภํ\สตั้\ฟฮณฬสตั้\02\code\src;c:\Users\Harry\Documents\OneDrive - ODMAIL\ังฯฐืสมฯ\ด
                    -๓ถฯยังฦฺ\ฮขป๚ิญภํ\สตั้\ฟฮณฬสตั้\02\code\dependence\build-in\toolchain) DEFINE(__UVISION_VERSION) OBJECT(c:\Users\Harry\
                    -Documents\OneDrive - ODMAIL\ังฯฐืสมฯ\ด๓ถฯยังฦฺ\ฮขป๚ิญภํ\สตั้\ฟฮณฬสตั้\02\code\out\Keil_C51\tasks.o)

line level    source

   1          #include "8051.H"
   2          #define uchar unsigned char
   3          
   4          uchar i = 0;
   5          sbit LED = P1^0;
   6          
   7          void continuee() interrupt(EXT0_VECTOR)
   8          {
   9   1          i++;
  10   1          if(i == 3)
  11   1          {
  12   2              i = 0;
  13   2              LED = ~LED;
  14   2          }
  15   1      }


MODULE INFORMATION:   STATIC OVERLAYABLE
   CODE SIZE        =     34    ----
   CONSTANT SIZE    =   ----    ----
   XDATA SIZE       =      1    ----
   PDATA SIZE       =   ----    ----
   DATA SIZE        =   ----    ----
   IDATA SIZE       =   ----    ----
   BIT SIZE         =   ----    ----
   EDATA SIZE       =   ----    ----
   HDATA SIZE       =   ----    ----
   XDATA CONST SIZE =   ----    ----
   FAR CONST SIZE   =   ----    ----
END OF MODULE INFORMATION.


C51 COMPILATION COMPLETE.  0 WARNING(S),  0 ERROR(S)
