C51 COMPILER V9.52.0.0   18221197                                                          05/06/2020 21:16:36 PAGE 1   


C51 COMPILER V9.52.0.0, COMPILATION OF MODULE 18221197
OBJECT MODULE PLACED IN .\keilOut\18221197.obj
COMPILER INVOKED BY: C:\Program Files\Keil\C51\BIN\C51.EXE src\18221197.c OMF2 ROM(SMALL) OPTIMIZE(8,SPEED) BROWSE INCDI
                    -R(.\dependence;.\src;.\dependence\build-in\toolchain) DEBUG PRINT(.\Listings\18221197.lst) OBJECT(.\keilOut\18221197.obj
                    -)

line level    source

   1          // 预处理指令，通过 DEBUG 宏控制 gdb 调试或 keil 编译
   2          #define DEBUG 0
   3          #if DEBUG
                  #include "stdio.h"
                  #define uchar int
              #else
   7              #include "reg51.h"
   8              #define uchar unsigned char
   9          #endif
  10          
  11          uchar s[10]={0x10,0x35,0xa3,0xf7,0x2d,0x9d,0xe8,0x04,0x87,0xd0};    // 10个无符号数
  12          uchar MAX = 0, MIN = 0, SUM = 0, BCDH = 0, BCDL = 0, AVG = 0;       // 存储结果
  13          
  14          void maxx(void)     // 找到最大值，keil 当中不允许函数和变量同名（忽略大小写）
  15          {
  16   1          uchar i = 0;
  17   1          MAX = s[0];
  18   1          for(i=1;i<10;i++)
  19   1          {
  20   2              if(s[i]>MAX)
  21   2                  MAX = s[i];
  22   2          }
  23   1      }
  24          
  25          void minn(void)     // 找到最小值
  26          {
  27   1          uchar i = 0;
  28   1          MIN = s[0];
  29   1          for(i=1;i<10;i++)
  30   1          {
  31   2              if(s[i]<MIN)
  32   2                  MIN = s[i];
  33   2          }
  34   1      }
  35          
  36          void mean(void)
  37          {
  38   1          uchar i = 0;
  39   1          int sum = 0;
  40   1          for(i=0;i<10;i++)
  41   1              sum += s[i];
  42   1          AVG = (sum-MAX-MIN)/8;
  43   1      }
  44          
  45          void DEC_2_BCD(void)
  46          {
  47   1          uchar tmp = 0;
  48   1          if (SUM>100)
  49   1              BCDH = SUM / 100;           // 百位送入 BCDH
  50   1          BCDL = SUM % 10;                // 个位送入 BCDL 的低4位 
  51   1          tmp = ((SUM -BCDL)/10) % 10;
  52   1          tmp = tmp<<4;
  53   1          BCDL += tmp;                    // 十位送入 BCDL 的高4位 
C51 COMPILER V9.52.0.0   18221197                                                          05/06/2020 21:16:36 PAGE 2   

  54   1          
  55   1      }
  56          
  57          void main()
  58          {
  59   1          maxx();
  60   1          minn();
  61   1          SUM = MAX + MIN;
  62   1          mean();
  63   1          DEC_2_BCD();
  64   1      }
  65          
  66          


MODULE INFORMATION:   STATIC OVERLAYABLE
   CODE SIZE        =    163    ----
   CONSTANT SIZE    =   ----    ----
   XDATA SIZE       =   ----    ----
   PDATA SIZE       =   ----    ----
   DATA SIZE        =     16    ----
   IDATA SIZE       =   ----    ----
   BIT SIZE         =   ----    ----
   EDATA SIZE       =   ----    ----
   HDATA SIZE       =   ----    ----
   XDATA CONST SIZE =   ----    ----
   FAR CONST SIZE   =   ----    ----
END OF MODULE INFORMATION.


C51 COMPILATION COMPLETE.  0 WARNING(S),  0 ERROR(S)
