
[12345678-1234-5678-90AB-CDDEEFAABBCC] : log at : 2020/5/8|15:44:44|GMT+0800
[Hidden] : Not found D:\ARM-GCC\8 2019-q3-update\bin\arm-none-eabi-gcc.exe !


[Error] : Error: write EPIPE
	at afterWriteDispatched (internal/stream_base_commons.js:146:25)
	at writeGeneric (internal/stream_base_commons.js:137:3)
	at Socket._writeGeneric (net.js:698:11)
	at Socket._write (net.js:710:8)
	at doWrite (_stream_writable.js:418:12)
	at writeOrBuffer (_stream_writable.js:402:5)
	at Socket.Writable.write (_stream_writable.js:302:11)
	at d.write (c:\Program Files\Microsoft VS Code\resources\app\out\vs\workbench\services\extensions\node\extensionHostProcess.js:238:867)
	at f._writeNow (c:\Program Files\Microsoft VS Code\resources\app\out\vs\workbench\services\extensions\node\extensionHostProcess.js:231:110)
	at Immediate.<anonymous> (c:\Program Files\Microsoft VS Code\resources\app\out\vs\workbench\services\extensions\node\extensionHostProcess.js:231:48)
	at processImmediate (internal/timers.js:439:21)

[12345678-1234-5678-90AB-CDDEEFAABBCC] : log at : 2020/5/8|17:01:07|GMT+0800
[Hidden] : Not found D:\ARM-GCC\8 2019-q3-update\bin\arm-none-eabi-gcc.exe !



[12345678-1234-5678-90AB-CDDEEFAABBCC] : log at : 2020/5/8|20:45:06|GMT+0800
[Hidden] : Not found D:\ARM-GCC\8 2019-q3-update\bin\arm-none-eabi-gcc.exe !



[12345678-1234-5678-90AB-CDDEEFAABBCC] : log at : 2020/5/8|20:46:56|GMT+0800
[Hidden] : Not found D:\ARM-GCC\8 2019-q3-update\bin\arm-none-eabi-gcc.exe !



[12345678-1234-5678-90AB-CDDEEFAABBCC] : log at : 2020/5/8|21:24:06|GMT+0800
[Hidden] : Not found D:\ARM-GCC\8 2019-q3-update\bin\arm-none-eabi-gcc.exe !



[12345678-1234-5678-90AB-CDDEEFAABBCC] : log at : 2020/5/9|08:16:55|GMT+0800
[Hidden] : Not found D:\ARM-GCC\8 2019-q3-update\bin\arm-none-eabi-gcc.exe !
[Error] : Error: EPERM: operation not permitted, lstat 'c:\Users\Harry\Documents\OneDrive - ODMAIL\学习资料\大二下学期\微机原理\实验\课程实验\testADC\code_2\src\main.c~RF7cf7b20.TMP'
	at lstatSync (fs.js:847:3)
	at fs.lstatSync (electron/js2c/asar.js:235:27)
	at Object.fs.lstatSync (electron/js2c/asar.js:235:27)
	at s.IsDir (c:\Users\Harry\.vscode\extensions\cl.eide-1.12.2\dist\extension.js:1:3789)
	at c:\Users\Harry\.vscode\extensions\cl.eide-1.12.2\dist\extension.js:1:2970
	at Array.forEach (<anonymous>)
	at s.GetList (c:\Users\Harry\.vscode\extensions\cl.eide-1.12.2\dist\extension.js:1:2898)
	at M.EnumIncDir (c:\Users\Harry\.vscode\extensions\cl.eide-1.12.2\dist\extension.js:1:75438)
	at M.UpdateFileGroup (c:\Users\Harry\.vscode\extensions\cl.eide-1.12.2\dist\extension.js:1:74873)
	at M.onSourceDirChanged (c:\Users\Harry\.vscode\extensions\cl.eide-1.12.2\dist\extension.js:1:78763)
	at EventEmitter.<anonymous> (c:\Users\Harry\.vscode\extensions\cl.eide-1.12.2\dist\extension.js:1:75681)
	at EventEmitter.emit (events.js:203:13)
	at M.emit (c:\Users\Harry\.vscode\extensions\cl.eide-1.12.2\dist\extension.js:1:67509)
	at t.FileWatcher.e.OnRename (c:\Users\Harry\.vscode\extensions\cl.eide-1.12.2\dist\extension.js:1:74020)
	at FSWatcher.<anonymous> (c:\Users\Harry\.vscode\extensions\cl.eide-1.12.2\dist\extension.js:1:85866)
	at FSWatcher.emit (events.js:203:13)
	at FSEvent.FSWatcher._handle.onchange (internal/fs/watchers.js:131:12)
[Error] : Error: ENOENT: no such file or directory, lstat 'c:\Users\Harry\Documents\OneDrive - ODMAIL\学习资料\大二下学期\微机原理\实验\课程实验\testADC\code_2\src\main.c'
	at lstatSync (fs.js:847:3)
	at fs.lstatSync (electron/js2c/asar.js:235:27)
	at Object.fs.lstatSync (electron/js2c/asar.js:235:27)
	at s.IsDir (c:\Users\Harry\.vscode\extensions\cl.eide-1.12.2\dist\extension.js:1:3789)
	at c:\Users\Harry\.vscode\extensions\cl.eide-1.12.2\dist\extension.js:1:2970
	at Array.forEach (<anonymous>)
	at s.GetList (c:\Users\Harry\.vscode\extensions\cl.eide-1.12.2\dist\extension.js:1:2898)
	at M.EnumIncDir (c:\Users\Harry\.vscode\extensions\cl.eide-1.12.2\dist\extension.js:1:75438)
	at M.UpdateFileGroup (c:\Users\Harry\.vscode\extensions\cl.eide-1.12.2\dist\extension.js:1:74873)
	at M.onSourceDirChanged (c:\Users\Harry\.vscode\extensions\cl.eide-1.12.2\dist\extension.js:1:78763)
	at EventEmitter.<anonymous> (c:\Users\Harry\.vscode\extensions\cl.eide-1.12.2\dist\extension.js:1:75681)
	at EventEmitter.emit (events.js:203:13)
	at M.emit (c:\Users\Harry\.vscode\extensions\cl.eide-1.12.2\dist\extension.js:1:67509)
	at t.FileWatcher.e.OnRename (c:\Users\Harry\.vscode\extensions\cl.eide-1.12.2\dist\extension.js:1:74020)
	at FSWatcher.<anonymous> (c:\Users\Harry\.vscode\extensions\cl.eide-1.12.2\dist\extension.js:1:85866)
	at FSWatcher.emit (events.js:203:13)
	at FSEvent.FSWatcher._handle.onchange (internal/fs/watchers.js:131:12)



[12345678-1234-5678-90AB-CDDEEFAABBCC] : log at : 2020/5/11|08:12:14|GMT+0800
[Hidden] : Not found D:\ARM-GCC\8 2019-q3-update\bin\arm-none-eabi-gcc.exe !


[Error] : Error: write EPIPE
	at afterWriteDispatched (internal/stream_base_commons.js:146:25)
	at writeGeneric (internal/stream_base_commons.js:137:3)
	at Socket._writeGeneric (net.js:698:11)
	at Socket._write (net.js:710:8)
	at doWrite (_stream_writable.js:418:12)
	at writeOrBuffer (_stream_writable.js:402:5)
	at Socket.Writable.write (_stream_writable.js:302:11)
	at d.write (c:\Program Files\Microsoft VS Code\resources\app\out\vs\workbench\services\extensions\node\extensionHostProcess.js:238:867)
	at f._writeNow (c:\Program Files\Microsoft VS Code\resources\app\out\vs\workbench\services\extensions\node\extensionHostProcess.js:231:110)
	at Immediate.<anonymous> (c:\Program Files\Microsoft VS Code\resources\app\out\vs\workbench\services\extensions\node\extensionHostProcess.js:231:48)
	at processImmediate (internal/timers.js:439:21)

[12345678-1234-5678-90AB-CDDEEFAABBCC] : log at : 2020/5/11|17:37:06|GMT+0800
[Hidden] : Not found D:\ARM-GCC\8 2019-q3-update\bin\arm-none-eabi-gcc.exe !



[12345678-1234-5678-90AB-CDDEEFAABBCC] : log at : 2020/5/12|15:25:37|GMT+0800
[Hidden] : Not found D:\ARM-GCC\8 2019-q3-update\bin\arm-none-eabi-gcc.exe !
